06:32:35 | INFO     | [+] TCP C2: ('127.0.0.1', 50001)
06:32:35 | INFO     | [+] Бот ua4e1-Bot-Worker активен
06:32:35 | INFO     | [API] [+] admin вошел в туннель ALL
06:32:36 | INFO     | [BENCH] 40.8 KB | 1.02s | 0.31 Mbit/s
06:32:38 | INFO     | [API] [+] admin вошел в туннель ALL
06:32:38 | INFO     | [BENCH] 35 B | 1.00s | 0.00 Mbit/s
06:32:40 | INFO     | [BENCH] 1.91 MB | 0.99s | 15.41 Mbit/s
06:32:41 | INFO     | [BENCH] 1.51 MB | 1.00s | 12.05 Mbit/s
06:34:00 | WARNING  | [-] Бот ua4e1-Bot-Worker реально отключился
06:34:07 | INFO     | [+] Бот ua4e1-Bot-Worker активен
06:34:07 | INFO     | [BENCH] 42.4 KB | 1.00s | 0.33 Mbit/s
06:34:10 | INFO     | [BENCH] 35 B | 1.02s | 0.00 Mbit/s
06:34:12 | INFO     | [BENCH] 35 B | 1.00s | 0.00 Mbit/s
06:34:12 | INFO     | [API] [+] admin вошел в туннель ALL
06:34:13 | INFO     | [API] [+] admin вошел в туннель ALL
06:34:14 | INFO     | [BENCH] 35 B | 1.00s | 0.00 Mbit/s
06:34:16 | INFO     | [BENCH] 35 B | 1.02s | 0.00 Mbit/s
06:34:16 | INFO     | [API] [+] admin вошел в туннель ALL
06:34:18 | INFO     | [BENCH] 1.83 MB | 0.99s | 14.72 Mbit/s
06:34:19 | INFO     | [BENCH] 488.5 KB | 1.00s | 3.80 Mbit/s
06:35:38 | WARNING  | [-] Бот ua4e1-Bot-Worker реально отключился
06:36:09 | INFO     | [+] Бот ua4e1-Bot-Worker активен
06:36:09 | INFO     | [BENCH] 40.7 KB | 1.00s | 0.32 Mbit/s
06:36:11 | INFO     | [BENCH] 35 B | 1.02s | 0.00 Mbit/s
06:36:13 | INFO     | [BENCH] 35 B | 1.02s | 0.00 Mbit/s
06:36:13 | INFO     | [API] [+] admin вошел в туннель ALL
06:36:15 | INFO     | [BENCH] 2.07 MB | 0.99s | 16.74 Mbit/s
06:36:16 | INFO     | [BENCH] 1.91 MB | 1.00s | 15.30 Mbit/s
06:36:17 | INFO     | [BENCH] 2.23 MB | 0.99s | 18.02 Mbit/s
06:36:18 | INFO     | [BENCH] 1.91 MB | 1.01s | 15.09 Mbit/s
06:36:19 | INFO     | [BENCH] 1.98 MB | 0.99s | 16.01 Mbit/s
06:36:20 | INFO     | [BENCH] 1.96 MB | 1.00s | 15.65 Mbit/s
06:36:21 | INFO     | [BENCH] 2.01 MB | 1.00s | 16.16 Mbit/s
06:36:22 | INFO     | [BENCH] 1.99 MB | 1.02s | 15.51 Mbit/s
06:36:23 | INFO     | [BENCH] 1.92 MB | 1.00s | 15.32 Mbit/s
06:36:24 | INFO     | [BENCH] 1.82 MB | 0.98s | 14.82 Mbit/s
06:36:25 | INFO     | [BENCH] 1.94 MB | 1.00s | 15.57 Mbit/s
06:36:26 | INFO     | [BENCH] 1.88 MB | 1.02s | 14.76 Mbit/s
06:36:27 | INFO     | [BENCH] 1.91 MB | 0.98s | 15.62 Mbit/s
06:36:28 | INFO     | [BENCH] 2.15 MB | 1.01s | 16.99 Mbit/s
06:36:29 | INFO     | [BENCH] 2.39 MB | 0.99s | 19.20 Mbit/s
06:36:30 | INFO     | [BENCH] 2.07 MB | 1.01s | 16.37 Mbit/s
06:36:31 | INFO     | [BENCH] 1.91 MB | 1.00s | 15.28 Mbit/s
06:36:32 | INFO     | [BENCH] 2.09 MB | 1.01s | 16.48 Mbit/s
06:36:33 | INFO     | [BENCH] 1.89 MB | 0.98s | 15.47 Mbit/s
06:36:34 | INFO     | [BENCH] 315.2 KB | 1.01s | 2.44 Mbit/s
06:36:35 | INFO     | [BENCH] 35 B | 1.02s | 0.00 Mbit/s
06:36:37 | INFO     | [BENCH] 35 B | 1.00s | 0.00 Mbit/s
06:36:39 | INFO     | [BENCH] 35 B | 1.01s | 0.00 Mbit/s
06:36:41 | INFO     | [BENCH] 35 B | 1.00s | 0.00 Mbit/s
06:36:43 | INFO     | [BENCH] 35 B | 1.02s | 0.00 Mbit/s
06:36:45 | INFO     | [BENCH] 35 B | 1.00s | 0.00 Mbit/s
06:36:47 | INFO     | [BENCH] 35 B | 0.98s | 0.00 Mbit/s
06:36:49 | INFO     | [BENCH] 35 B | 1.00s | 0.00 Mbit/s
06:36:51 | INFO     | [BENCH] 35 B | 1.01s | 0.00 Mbit/s
06:36:53 | INFO     | [BENCH] 35 B | 1.02s | 0.00 Mbit/s
06:36:55 | INFO     | [BENCH] 35 B | 1.02s | 0.00 Mbit/s
06:36:57 | INFO     | [BENCH] 35 B | 1.00s | 0.00 Mbit/s
06:36:59 | INFO     | [BENCH] 35 B | 0.97s | 0.00 Mbit/s
06:37:01 | INFO     | [BENCH] 35 B | 0.99s | 0.00 Mbit/s
06:37:03 | INFO     | [BENCH] 35 B | 1.00s | 0.00 Mbit/s
06:37:05 | INFO     | [BENCH] 35 B | 1.01s | 0.00 Mbit/s
06:37:07 | INFO     | [BENCH] 35 B | 1.02s | 0.00 Mbit/s
06:37:09 | INFO     | [BENCH] 35 B | 1.01s | 0.00 Mbit/s
06:37:11 | INFO     | [BENCH] 35 B | 1.02s | 0.00 Mbit/s
06:37:13 | INFO     | [BENCH] 35 B | 0.99s | 0.00 Mbit/s
06:37:15 | INFO     | [BENCH] 35 B | 1.02s | 0.00 Mbit/s
06:37:17 | INFO     | [BENCH] 35 B | 1.01s | 0.00 Mbit/s
06:37:19 | INFO     | [BENCH] 35 B | 1.00s | 0.00 Mbit/s
06:37:21 | INFO     | [BENCH] 35 B | 0.98s | 0.00 Mbit/s
06:37:23 | INFO     | [BENCH] 35 B | 0.99s | 0.00 Mbit/s
06:37:25 | INFO     | [BENCH] 35 B | 1.00s | 0.00 Mbit/s
06:37:27 | INFO     | [BENCH] 35 B | 1.00s | 0.00 Mbit/s
06:37:29 | INFO     | [BENCH] 35 B | 1.02s | 0.00 Mbit/s
06:37:31 | INFO     | [BENCH] 35 B | 1.00s | 0.00 Mbit/s
06:37:33 | INFO     | [BENCH] 35 B | 1.00s | 0.00 Mbit/s
06:37:35 | INFO     | [BENCH] 35 B | 1.00s | 0.00 Mbit/s
06:37:37 | INFO     | [BENCH] 35 B | 1.00s | 0.00 Mbit/s
06:37:39 | INFO     | [BENCH] 35 B | 1.02s | 0.00 Mbit/s
06:37:41 | INFO     | [BENCH] 35 B | 1.00s | 0.00 Mbit/s
06:37:43 | INFO     | [BENCH] 35 B | 1.02s | 0.00 Mbit/s
06:37:45 | INFO     | [BENCH] 35 B | 1.00s | 0.00 Mbit/s
06:37:48 | INFO     | [BENCH] 35 B | 1.02s | 0.00 Mbit/s
06:37:50 | INFO     | [BENCH] 35 B | 1.00s | 0.00 Mbit/s
06:37:52 | INFO     | [BENCH] 35 B | 1.01s | 0.00 Mbit/s
06:37:54 | INFO     | [BENCH] 35 B | 1.02s | 0.00 Mbit/s
06:37:56 | INFO     | [BENCH] 35 B | 1.00s | 0.00 Mbit/s
06:37:58 | INFO     | [BENCH] 35 B | 1.02s | 0.00 Mbit/s
06:38:00 | INFO     | [BENCH] 35 B | 1.00s | 0.00 Mbit/s
06:38:02 | INFO     | [BENCH] 35 B | 0.99s | 0.00 Mbit/s
06:38:04 | INFO     | [BENCH] 35 B | 0.99s | 0.00 Mbit/s
06:38:06 | INFO     | [BENCH] 35 B | 1.01s | 0.00 Mbit/s
06:38:08 | INFO     | [BENCH] 35 B | 1.02s | 0.00 Mbit/s
06:38:10 | INFO     | [BENCH] 35 B | 1.00s | 0.00 Mbit/s
06:38:12 | INFO     | [BENCH] 35 B | 1.02s | 0.00 Mbit/s
06:38:14 | INFO     | [BENCH] 35 B | 0.99s | 0.00 Mbit/s
06:38:16 | INFO     | [BENCH] 35 B | 0.99s | 0.00 Mbit/s
06:38:18 | INFO     | [BENCH] 35 B | 1.00s | 0.00 Mbit/s
06:38:20 | INFO     | [BENCH] 35 B | 1.02s | 0.00 Mbit/s
06:38:22 | INFO     | [BENCH] 35 B | 1.00s | 0.00 Mbit/s
06:38:24 | INFO     | [BENCH] 35 B | 0.99s | 0.00 Mbit/s
06:38:26 | INFO     | [BENCH] 35 B | 1.00s | 0.00 Mbit/s
06:38:28 | INFO     | [BENCH] 35 B | 0.99s | 0.00 Mbit/s
06:38:30 | INFO     | [BENCH] 35 B | 0.99s | 0.00 Mbit/s
06:38:32 | INFO     | [BENCH] 35 B | 1.02s | 0.00 Mbit/s
06:38:34 | INFO     | [BENCH] 35 B | 1.01s | 0.00 Mbit/s
06:38:36 | INFO     | [BENCH] 35 B | 1.00s | 0.00 Mbit/s
06:38:38 | INFO     | [BENCH] 35 B | 1.00s | 0.00 Mbit/s
06:38:40 | INFO     | [BENCH] 35 B | 1.00s | 0.00 Mbit/s
06:38:42 | INFO     | [BENCH] 35 B | 1.02s | 0.00 Mbit/s
06:38:44 | INFO     | [BENCH] 35 B | 1.01s | 0.00 Mbit/s
06:38:46 | INFO     | [BENCH] 35 B | 1.00s | 0.00 Mbit/s
06:38:48 | INFO     | [BENCH] 35 B | 1.02s | 0.00 Mbit/s
06:38:50 | INFO     | [BENCH] 35 B | 1.01s | 0.00 Mbit/s
06:38:52 | INFO     | [BENCH] 35 B | 1.00s | 0.00 Mbit/s
06:38:54 | INFO     | [BENCH] 35 B | 1.00s | 0.00 Mbit/s
06:38:56 | INFO     | [BENCH] 35 B | 1.00s | 0.00 Mbit/s
06:38:58 | INFO     | [BENCH] 35 B | 1.02s | 0.00 Mbit/s
06:39:00 | INFO     | [BENCH] 35 B | 0.99s | 0.00 Mbit/s
06:39:02 | INFO     | [BENCH] 35 B | 1.00s | 0.00 Mbit/s
06:39:04 | INFO     | [BENCH] 35 B | 1.02s | 0.00 Mbit/s
06:39:06 | INFO     | [BENCH] 35 B | 1.00s | 0.00 Mbit/s
06:39:08 | INFO     | [BENCH] 35 B | 1.02s | 0.00 Mbit/s
06:39:10 | INFO     | [BENCH] 35 B | 1.00s | 0.00 Mbit/s
06:39:12 | INFO     | [BENCH] 35 B | 1.00s | 0.00 Mbit/s
06:39:14 | INFO     | [BENCH] 35 B | 1.02s | 0.00 Mbit/s
06:39:16 | INFO     | [BENCH] 35 B | 1.00s | 0.00 Mbit/s
06:39:18 | INFO     | [BENCH] 35 B | 0.99s | 0.00 Mbit/s
06:39:20 | INFO     | [BENCH] 35 B | 1.00s | 0.00 Mbit/s
06:39:22 | INFO     | [BENCH] 35 B | 1.01s | 0.00 Mbit/s
06:39:24 | INFO     | [BENCH] 35 B | 1.01s | 0.00 Mbit/s
06:39:26 | INFO     | [BENCH] 35 B | 1.02s | 0.00 Mbit/s
06:39:28 | INFO     | [BENCH] 35 B | 1.01s | 0.00 Mbit/s
06:39:30 | INFO     | [BENCH] 35 B | 1.03s | 0.00 Mbit/s
06:39:32 | INFO     | [BENCH] 35 B | 1.02s | 0.00 Mbit/s
06:39:34 | INFO     | [BENCH] 35 B | 0.99s | 0.00 Mbit/s
06:39:36 | INFO     | [BENCH] 35 B | 1.00s | 0.00 Mbit/s
06:39:38 | INFO     | [BENCH] 35 B | 1.00s | 0.00 Mbit/s
06:39:40 | INFO     | [BENCH] 35 B | 0.99s | 0.00 Mbit/s
06:39:42 | INFO     | [BENCH] 35 B | 1.02s | 0.00 Mbit/s
06:39:44 | INFO     | [BENCH] 35 B | 1.02s | 0.00 Mbit/s
06:39:46 | INFO     | [BENCH] 35 B | 1.01s | 0.00 Mbit/s
06:39:48 | INFO     | [BENCH] 35 B | 0.99s | 0.00 Mbit/s
06:39:50 | INFO     | [BENCH] 35 B | 1.00s | 0.00 Mbit/s
06:39:52 | INFO     | [BENCH] 35 B | 1.00s | 0.00 Mbit/s
06:39:54 | INFO     | [BENCH] 35 B | 0.99s | 0.00 Mbit/s
06:39:56 | INFO     | [BENCH] 35 B | 1.00s | 0.00 Mbit/s
06:39:58 | INFO     | [BENCH] 35 B | 1.01s | 0.00 Mbit/s
06:40:00 | INFO     | [BENCH] 35 B | 1.01s | 0.00 Mbit/s
06:40:02 | INFO     | [BENCH] 35 B | 1.00s | 0.00 Mbit/s
06:40:04 | INFO     | [BENCH] 35 B | 0.99s | 0.00 Mbit/s
06:40:06 | INFO     | [BENCH] 35 B | 1.02s | 0.00 Mbit/s
06:40:08 | INFO     | [BENCH] 35 B | 1.02s | 0.00 Mbit/s
06:40:10 | INFO     | [BENCH] 35 B | 1.01s | 0.00 Mbit/s
06:40:12 | INFO     | [BENCH] 35 B | 1.01s | 0.00 Mbit/s
06:40:14 | INFO     | [BENCH] 35 B | 1.02s | 0.00 Mbit/s
06:40:16 | INFO     | [BENCH] 35 B | 1.00s | 0.00 Mbit/s
06:40:18 | INFO     | [BENCH] 35 B | 1.02s | 0.00 Mbit/s
06:40:20 | INFO     | [BENCH] 35 B | 1.01s | 0.00 Mbit/s
06:40:22 | INFO     | [BENCH] 35 B | 1.00s | 0.00 Mbit/s
06:40:24 | INFO     | [BENCH] 35 B | 1.01s | 0.00 Mbit/s
06:40:27 | INFO     | [BENCH] 35 B | 1.00s | 0.00 Mbit/s
06:40:29 | INFO     | [BENCH] 35 B | 1.00s | 0.00 Mbit/s
06:40:31 | INFO     | [BENCH] 35 B | 1.02s | 0.00 Mbit/s
06:40:33 | INFO     | [BENCH] 35 B | 1.02s | 0.00 Mbit/s
06:40:35 | INFO     | [BENCH] 35 B | 1.00s | 0.00 Mbit/s
06:40:37 | INFO     | [BENCH] 35 B | 1.00s | 0.00 Mbit/s
06:40:39 | INFO     | [BENCH] 35 B | 1.02s | 0.00 Mbit/s
06:40:41 | INFO     | [BENCH] 35 B | 1.02s | 0.00 Mbit/s
06:40:43 | INFO     | [BENCH] 35 B | 1.01s | 0.00 Mbit/s
06:40:45 | INFO     | [BENCH] 35 B | 1.01s | 0.00 Mbit/s
06:40:47 | INFO     | [BENCH] 35 B | 1.00s | 0.00 Mbit/s
06:40:49 | INFO     | [BENCH] 35 B | 1.01s | 0.00 Mbit/s
06:40:51 | INFO     | [BENCH] 35 B | 1.00s | 0.00 Mbit/s
06:40:53 | INFO     | [BENCH] 35 B | 0.98s | 0.00 Mbit/s
06:40:55 | INFO     | [BENCH] 35 B | 1.01s | 0.00 Mbit/s
06:40:57 | INFO     | [BENCH] 35 B | 1.02s | 0.00 Mbit/s
06:40:59 | INFO     | [BENCH] 35 B | 0.99s | 0.00 Mbit/s
06:41:01 | INFO     | [BENCH] 35 B | 1.02s | 0.00 Mbit/s
06:41:03 | INFO     | [BENCH] 35 B | 1.00s | 0.00 Mbit/s
06:41:05 | INFO     | [BENCH] 35 B | 1.00s | 0.00 Mbit/s
06:41:07 | INFO     | [BENCH] 35 B | 1.03s | 0.00 Mbit/s
06:41:09 | INFO     | [BENCH] 35 B | 1.02s | 0.00 Mbit/s
06:41:11 | INFO     | [BENCH] 48.7 KB | 1.00s | 0.38 Mbit/s
06:41:13 | INFO     | [BENCH] 35 B | 1.00s | 0.00 Mbit/s
06:41:15 | INFO     | [BENCH] 35 B | 1.00s | 0.00 Mbit/s
06:41:17 | INFO     | [BENCH] 35 B | 1.02s | 0.00 Mbit/s
06:41:19 | INFO     | [BENCH] 35 B | 1.02s | 0.00 Mbit/s
06:41:21 | INFO     | [BENCH] 35 B | 1.01s | 0.00 Mbit/s
06:41:23 | INFO     | [BENCH] 35 B | 1.00s | 0.00 Mbit/s
06:41:25 | INFO     | [BENCH] 35 B | 1.00s | 0.00 Mbit/s
06:41:27 | INFO     | [BENCH] 35 B | 1.00s | 0.00 Mbit/s
06:41:29 | INFO     | [BENCH] 35 B | 1.00s | 0.00 Mbit/s
06:41:31 | INFO     | [BENCH] 35 B | 1.01s | 0.00 Mbit/s
06:41:33 | INFO     | [BENCH] 35 B | 1.00s | 0.00 Mbit/s
06:41:35 | INFO     | [BENCH] 35 B | 0.99s | 0.00 Mbit/s
06:41:37 | INFO     | [BENCH] 35 B | 1.00s | 0.00 Mbit/s
06:41:39 | INFO     | [BENCH] 35 B | 1.01s | 0.00 Mbit/s
06:41:41 | INFO     | [BENCH] 35 B | 1.01s | 0.00 Mbit/s
06:41:43 | INFO     | [BENCH] 35 B | 0.99s | 0.00 Mbit/s
06:41:45 | INFO     | [BENCH] 35 B | 1.00s | 0.00 Mbit/s
06:41:47 | INFO     | [BENCH] 35 B | 1.00s | 0.00 Mbit/s
06:41:49 | INFO     | [BENCH] 35 B | 0.99s | 0.00 Mbit/s
06:41:51 | INFO     | [BENCH] 35 B | 1.00s | 0.00 Mbit/s
06:41:53 | INFO     | [BENCH] 35 B | 1.00s | 0.00 Mbit/s
06:41:55 | INFO     | [BENCH] 35 B | 1.02s | 0.00 Mbit/s
06:41:57 | INFO     | [BENCH] 35 B | 1.01s | 0.00 Mbit/s
06:41:59 | INFO     | [BENCH] 35 B | 1.00s | 0.00 Mbit/s
06:42:01 | INFO     | [BENCH] 35 B | 1.02s | 0.00 Mbit/s
06:42:03 | INFO     | [BENCH] 35 B | 1.01s | 0.00 Mbit/s
06:42:05 | INFO     | [BENCH] 35 B | 1.02s | 0.00 Mbit/s
06:42:07 | INFO     | [BENCH] 35 B | 1.00s | 0.00 Mbit/s
06:42:09 | INFO     | [BENCH] 35 B | 1.00s | 0.00 Mbit/s
06:42:11 | INFO     | [BENCH] 35 B | 1.00s | 0.00 Mbit/s
06:42:13 | INFO     | [BENCH] 35 B | 1.02s | 0.00 Mbit/s
06:42:15 | INFO     | [BENCH] 35 B | 0.98s | 0.00 Mbit/s
06:42:17 | INFO     | [BENCH] 35 B | 1.02s | 0.00 Mbit/s
06:42:19 | INFO     | [BENCH] 35 B | 1.00s | 0.00 Mbit/s
06:42:21 | INFO     | [BENCH] 35 B | 0.99s | 0.00 Mbit/s
06:42:23 | INFO     | [BENCH] 35 B | 1.01s | 0.00 Mbit/s
06:42:25 | INFO     | [BENCH] 35 B | 1.01s | 0.00 Mbit/s
06:42:27 | INFO     | [BENCH] 35 B | 0.99s | 0.00 Mbit/s
06:42:29 | INFO     | [BENCH] 35 B | 1.03s | 0.00 Mbit/s
06:42:31 | INFO     | [BENCH] 35 B | 1.00s | 0.00 Mbit/s
06:42:33 | INFO     | [BENCH] 35 B | 1.00s | 0.00 Mbit/s
06:42:35 | INFO     | [BENCH] 35 B | 1.01s | 0.00 Mbit/s
06:42:37 | INFO     | [BENCH] 35 B | 1.00s | 0.00 Mbit/s
06:42:39 | INFO     | [BENCH] 35 B | 1.00s | 0.00 Mbit/s
06:42:41 | INFO     | [BENCH] 35 B | 0.99s | 0.00 Mbit/s
06:42:43 | INFO     | [BENCH] 35 B | 0.99s | 0.00 Mbit/s
06:42:45 | INFO     | [BENCH] 35 B | 1.02s | 0.00 Mbit/s
06:42:47 | INFO     | [BENCH] 35 B | 0.99s | 0.00 Mbit/s
06:42:49 | INFO     | [BENCH] 35 B | 1.02s | 0.00 Mbit/s
06:42:51 | INFO     | [BENCH] 35 B | 1.00s | 0.00 Mbit/s
06:42:53 | INFO     | [BENCH] 35 B | 1.00s | 0.00 Mbit/s
06:42:55 | INFO     | [BENCH] 35 B | 1.02s | 0.00 Mbit/s
06:42:57 | INFO     | [BENCH] 35 B | 1.01s | 0.00 Mbit/s
06:42:59 | INFO     | [BENCH] 35 B | 1.00s | 0.00 Mbit/s
06:43:01 | INFO     | [BENCH] 35 B | 1.00s | 0.00 Mbit/s
06:43:03 | INFO     | [BENCH] 35 B | 1.03s | 0.00 Mbit/s
06:43:05 | INFO     | [BENCH] 35 B | 1.00s | 0.00 Mbit/s
06:43:07 | INFO     | [BENCH] 35 B | 0.99s | 0.00 Mbit/s
06:43:09 | INFO     | [BENCH] 35 B | 1.00s | 0.00 Mbit/s
06:43:11 | INFO     | [BENCH] 35 B | 0.99s | 0.00 Mbit/s
06:43:12 | WARNING  | [-] Бот ua4e1-Bot-Worker реально отключился
06:43:19 | INFO     | [+] Бот ua4e1-Bot-Worker активен
06:43:19 | INFO     | [BENCH] 48.8 KB | 1.01s | 0.38 Mbit/s
06:43:21 | INFO     | [BENCH] 35 B | 1.00s | 0.00 Mbit/s
06:43:23 | INFO     | [BENCH] 35 B | 1.02s | 0.00 Mbit/s
06:43:25 | INFO     | [BENCH] 35 B | 1.01s | 0.00 Mbit/s
06:43:27 | INFO     | [BENCH] 35 B | 0.99s | 0.00 Mbit/s
06:43:29 | INFO     | [API] [+] admin вошел в туннель ALL
06:43:30 | INFO     | [BENCH] 35 B | 1.00s | 0.00 Mbit/s
06:43:32 | INFO     | [BENCH] 35 B | 1.02s | 0.00 Mbit/s
06:43:34 | INFO     | [BENCH] 35 B | 1.00s | 0.00 Mbit/s
06:43:36 | INFO     | [BENCH] 35 B | 1.01s | 0.00 Mbit/s
06:43:38 | INFO     | [BENCH] 35 B | 1.00s | 0.00 Mbit/s
06:43:40 | INFO     | [BENCH] 35 B | 1.01s | 0.00 Mbit/s
06:43:42 | INFO     | [BENCH] 3.7 KB | 0.98s | 0.03 Mbit/s
06:43:42 | INFO     | [API] [+] admin вошел в туннель ALL
06:43:44 | INFO     | [BENCH] 35 B | 1.00s | 0.00 Mbit/s
06:43:45 | INFO     | [API] [+] admin вошел в туннель ALL
06:43:46 | INFO     | [BENCH] 35 B | 1.01s | 0.00 Mbit/s
06:43:48 | INFO     | [BENCH] 35 B | 1.00s | 0.00 Mbit/s
06:43:50 | INFO     | [BENCH] 35 B | 1.00s | 0.00 Mbit/s
06:43:52 | INFO     | [BENCH] 35 B | 1.00s | 0.00 Mbit/s
06:43:52 | INFO     | [API] [+] admin вошел в туннель ALL
06:43:54 | INFO     | [BENCH] 35 B | 1.00s | 0.00 Mbit/s
06:43:55 | INFO     | [API] [+] admin вошел в туннель ALL
06:43:56 | INFO     | [BENCH] 35 B | 1.03s | 0.00 Mbit/s
06:43:58 | INFO     | [BENCH] 35 B | 1.00s | 0.00 Mbit/s
06:44:00 | INFO     | [BENCH] 35 B | 1.01s | 0.00 Mbit/s
06:44:02 | INFO     | [BENCH] 35 B | 1.01s | 0.00 Mbit/s
06:44:04 | INFO     | [BENCH] 35 B | 1.00s | 0.00 Mbit/s
06:44:06 | INFO     | [BENCH] 35 B | 1.00s | 0.00 Mbit/s
06:44:08 | INFO     | [BENCH] 35 B | 1.02s | 0.00 Mbit/s
06:44:10 | INFO     | [BENCH] 35 B | 0.99s | 0.00 Mbit/s
06:44:12 | INFO     | [BENCH] 35 B | 1.02s | 0.00 Mbit/s
06:44:14 | INFO     | [BENCH] 35 B | 1.00s | 0.00 Mbit/s
06:44:26 | INFO     | [+] TCP C2: ('127.0.0.1', 50001)
06:44:26 | INFO     | [API] [+] admin вошел в туннель ALL
06:44:29 | INFO     | [+] Бот ua4e1-Bot-Worker активен
06:44:30 | INFO     | [BENCH] 50.0 KB | 1.02s | 0.38 Mbit/s
06:44:32 | INFO     | [BENCH] 35 B | 1.01s | 0.00 Mbit/s
06:44:34 | INFO     | [BENCH] 35 B | 1.00s | 0.00 Mbit/s
06:44:35 | INFO     | [API] [+] admin вошел в туннель ALL
06:44:36 | INFO     | [BENCH] 35 B | 1.02s | 0.00 Mbit/s
06:44:38 | INFO     | [BENCH] 35 B | 1.00s | 0.00 Mbit/s
06:44:40 | INFO     | [BENCH] 35 B | 1.02s | 0.00 Mbit/s
06:44:42 | INFO     | [BENCH] 35 B | 1.02s | 0.00 Mbit/s
06:44:44 | INFO     | [BENCH] 35 B | 1.02s | 0.00 Mbit/s
06:44:46 | INFO     | [BENCH] 35 B | 1.00s | 0.00 Mbit/s
06:44:48 | INFO     | [BENCH] 35 B | 0.99s | 0.00 Mbit/s
06:44:50 | INFO     | [BENCH] 35 B | 1.00s | 0.00 Mbit/s
06:44:52 | INFO     | [BENCH] 35 B | 1.02s | 0.00 Mbit/s
06:44:54 | INFO     | [BENCH] 35 B | 1.01s | 0.00 Mbit/s
06:44:56 | INFO     | [BENCH] 35 B | 0.99s | 0.00 Mbit/s
06:44:58 | INFO     | [BENCH] 35 B | 1.01s | 0.00 Mbit/s
06:44:59 | INFO     | [API] [+] admin вошел в туннель ALL
06:45:00 | INFO     | [BENCH] 35 B | 1.02s | 0.00 Mbit/s
06:45:02 | INFO     | [BENCH] 35 B | 1.00s | 0.00 Mbit/s
06:45:04 | INFO     | [BENCH] 35 B | 1.00s | 0.00 Mbit/s
06:45:06 | INFO     | [BENCH] 35 B | 1.00s | 0.00 Mbit/s
06:45:08 | INFO     | [BENCH] 35 B | 1.00s | 0.00 Mbit/s
06:45:10 | INFO     | [BENCH] 35 B | 1.02s | 0.00 Mbit/s
06:45:12 | INFO     | [BENCH] 35 B | 1.02s | 0.00 Mbit/s
06:45:14 | INFO     | [BENCH] 35 B | 1.02s | 0.00 Mbit/s
06:45:16 | INFO     | [BENCH] 35 B | 1.00s | 0.00 Mbit/s
06:45:18 | INFO     | [BENCH] 35 B | 1.00s | 0.00 Mbit/s
06:45:20 | INFO     | [BENCH] 35 B | 1.02s | 0.00 Mbit/s
06:45:20 | WARNING  | [-] Бот ua4e1-Bot-Worker реально отключился
06:45:28 | INFO     | [+] Бот ua4e1-Bot-Worker активен
06:45:28 | INFO     | [BENCH] 44.0 KB | 1.02s | 0.34 Mbit/s
06:45:30 | INFO     | [BENCH] 35 B | 1.02s | 0.00 Mbit/s
06:45:31 | INFO     | [API] [+] admin вошел в туннель ALL
06:45:32 | INFO     | [BENCH] 325.7 KB | 1.01s | 2.53 Mbit/s
06:45:33 | INFO     | [BENCH] 1.91 MB | 1.00s | 15.22 Mbit/s
06:45:34 | INFO     | [BENCH] 434.3 KB | 1.01s | 3.36 Mbit/s
06:45:35 | INFO     | [BENCH] 1.43 MB | 1.00s | 11.42 Mbit/s
06:45:36 | INFO     | [API] [+] admin вошел в туннель ALL
06:45:36 | INFO     | [BENCH] 488.5 KB | 1.01s | 3.76 Mbit/s
06:45:37 | INFO     | [API] [+] admin вошел в туннель ALL
06:45:38 | INFO     | [BENCH] 35 B | 1.02s | 0.00 Mbit/s
06:45:39 | INFO     | [API] [+] admin вошел в туннель ALL
06:45:40 | INFO     | [BENCH] 1.19 MB | 0.99s | 9.65 Mbit/s
06:45:41 | INFO     | [BENCH] 1.91 MB | 1.02s | 15.00 Mbit/s
06:45:42 | INFO     | [BENCH] 977.0 KB | 1.00s | 7.61 Mbit/s
06:45:43 | INFO     | [BENCH] 1.75 MB | 1.01s | 13.87 Mbit/s
06:45:44 | INFO     | [BENCH] 1.91 MB | 1.01s | 15.05 Mbit/s
06:45:45 | INFO     | [BENCH] 463.0 KB | 1.01s | 3.60 Mbit/s
06:45:46 | INFO     | [BENCH] 1.19 MB | 1.01s | 9.46 Mbit/s
06:45:47 | INFO     | [BENCH] 1.43 MB | 0.99s | 11.51 Mbit/s
06:45:48 | INFO     | [BENCH] 1.83 MB | 1.00s | 14.56 Mbit/s
06:45:49 | INFO     | [BENCH] 1.99 MB | 1.00s | 15.88 Mbit/s
06:45:50 | INFO     | [BENCH] 1.83 MB | 0.99s | 14.71 Mbit/s
06:45:51 | INFO     | [API] [+] admin вошел в туннель ALL
06:45:51 | INFO     | [BENCH] 350.0 KB | 1.00s | 2.73 Mbit/s
06:45:52 | INFO     | [BENCH] 1.75 MB | 0.99s | 14.09 Mbit/s
06:45:53 | INFO     | [BENCH] 933.4 KB | 1.01s | 7.25 Mbit/s
06:45:54 | INFO     | [BENCH] 35 B | 1.02s | 0.00 Mbit/s
06:45:55 | INFO     | [BENCH] 779.1 KB | 1.01s | 6.04 Mbit/s
06:45:56 | INFO     | [BENCH] 143.3 KB | 0.99s | 1.14 Mbit/s
06:45:57 | INFO     | [API] [+] admin вошел в туннель ALL
06:45:57 | INFO     | [BENCH] 1.27 MB | 1.01s | 10.05 Mbit/s
06:45:58 | INFO     | [BENCH] 35 B | 1.00s | 0.00 Mbit/s
06:45:59 | INFO     | [BENCH] 1.91 MB | 0.98s | 15.55 Mbit/s
06:46:00 | INFO     | [API] [+] admin вошел в туннель ALL
06:46:00 | INFO     | [BENCH] 324.0 KB | 1.02s | 2.49 Mbit/s
06:46:01 | INFO     | [API] [+] admin вошел в туннель ALL
06:46:02 | INFO     | [BENCH] 1.59 MB | 1.01s | 12.64 Mbit/s
06:46:03 | INFO     | [API] [+] admin вошел в туннель ALL
06:46:03 | INFO     | [BENCH] 1.12 MB | 0.99s | 9.07 Mbit/s
06:46:04 | INFO     | [API] [+] admin вошел в туннель ALL
06:46:04 | INFO     | [BENCH] 35 B | 0.99s | 0.00 Mbit/s
06:46:05 | INFO     | [BENCH] 895.5 KB | 1.02s | 6.87 Mbit/s
06:46:06 | INFO     | [BENCH] 1.94 MB | 0.99s | 15.72 Mbit/s
06:46:07 | INFO     | [BENCH] 701.1 KB | 1.00s | 5.48 Mbit/s
06:46:08 | INFO     | [API] [+] admin вошел в туннель ALL
06:46:08 | INFO     | [BENCH] 35 B | 1.00s | 0.00 Mbit/s
06:46:09 | INFO     | [API] [+] admin вошел в туннель ALL
06:46:10 | INFO     | [BENCH] 895.6 KB | 1.02s | 6.89 Mbit/s
06:46:11 | INFO     | [BENCH] 1.91 MB | 1.00s | 15.30 Mbit/s
06:46:12 | INFO     | [BENCH] 1.90 MB | 1.00s | 15.18 Mbit/s
06:46:13 | INFO     | [BENCH] 1.91 MB | 1.00s | 15.26 Mbit/s
06:46:14 | INFO     | [API] [+] admin вошел в туннель ALL
06:46:14 | INFO     | [BENCH] 161.2 KB | 0.98s | 1.29 Mbit/s
06:46:16 | INFO     | [BENCH] 35 B | 0.99s | 0.00 Mbit/s
06:46:17 | INFO     | [API] [+] admin вошел в туннель ALL
06:46:18 | INFO     | [BENCH] 1.59 MB | 0.99s | 12.90 Mbit/s
06:46:19 | INFO     | [BENCH] 1.91 MB | 1.02s | 14.98 Mbit/s
06:46:20 | INFO     | [BENCH] 2.07 MB | 1.00s | 16.59 Mbit/s
06:46:21 | INFO     | [BENCH] 2.23 MB | 0.99s | 17.98 Mbit/s
06:46:22 | INFO     | [BENCH] 2.15 MB | 1.01s | 17.03 Mbit/s
06:46:23 | INFO     | [BENCH] 1.99 MB | 1.00s | 15.87 Mbit/s
06:46:24 | INFO     | [BENCH] 1.83 MB | 0.99s | 14.80 Mbit/s
06:46:25 | INFO     | [BENCH] 1.91 MB | 1.01s | 15.05 Mbit/s
06:46:26 | INFO     | [BENCH] 1.91 MB | 1.01s | 15.16 Mbit/s
06:46:27 | INFO     | [BENCH] 1.95 MB | 0.98s | 15.86 Mbit/s
06:46:28 | INFO     | [BENCH] 1.79 MB | 0.99s | 14.40 Mbit/s
06:46:29 | INFO     | [BENCH] 1.99 MB | 1.01s | 15.72 Mbit/s
06:46:30 | INFO     | [BENCH] 1.91 MB | 0.99s | 15.45 Mbit/s
06:46:31 | INFO     | [BENCH] 1.91 MB | 1.02s | 15.02 Mbit/s
06:46:32 | INFO     | [BENCH] 244.3 KB | 1.00s | 1.90 Mbit/s
06:46:34 | INFO     | [BENCH] 35 B | 1.00s | 0.00 Mbit/s
06:46:36 | INFO     | [BENCH] 35 B | 1.01s | 0.00 Mbit/s
06:46:38 | INFO     | [BENCH] 35 B | 0.99s | 0.00 Mbit/s
06:46:40 | INFO     | [BENCH] 35 B | 1.02s | 0.00 Mbit/s
06:46:42 | INFO     | [BENCH] 35 B | 1.00s | 0.00 Mbit/s
06:46:44 | INFO     | [BENCH] 35 B | 0.98s | 0.00 Mbit/s
06:46:46 | INFO     | [BENCH] 35 B | 1.00s | 0.00 Mbit/s
06:46:48 | WARNING  | [-] Бот ua4e1-Bot-Worker реально отключился
06:46:59 | INFO     | [+] Бот ua4e1-Bot-Worker активен
06:46:59 | INFO     | [BENCH] 47.9 KB | 1.01s | 0.37 Mbit/s
06:47:00 | INFO     | [BENCH] 1.35 MB | 0.99s | 10.93 Mbit/s
06:47:01 | INFO     | [BENCH] 2.00 MB | 1.00s | 15.99 Mbit/s
06:47:02 | INFO     | [BENCH] 2.00 MB | 0.99s | 16.11 Mbit/s
06:47:03 | INFO     | [BENCH] 2.07 MB | 1.00s | 16.64 Mbit/s
06:47:04 | INFO     | [BENCH] 2.17 MB | 1.00s | 17.27 Mbit/s
06:47:05 | INFO     | [BENCH] 2.02 MB | 1.01s | 16.00 Mbit/s
06:47:06 | INFO     | [BENCH] 1.98 MB | 1.00s | 15.92 Mbit/s
06:47:07 | INFO     | [BENCH] 1.91 MB | 1.01s | 15.06 Mbit/s
06:47:08 | INFO     | [BENCH] 1.99 MB | 0.99s | 16.12 Mbit/s
06:47:09 | INFO     | [BENCH] 1.86 MB | 1.00s | 14.97 Mbit/s
06:47:10 | INFO     | [BENCH] 1.87 MB | 1.01s | 14.79 Mbit/s
06:47:11 | INFO     | [BENCH] 1.99 MB | 0.99s | 16.08 Mbit/s
06:47:12 | INFO     | [BENCH] 1.91 MB | 1.00s | 15.22 Mbit/s
06:47:13 | INFO     | [BENCH] 1.83 MB | 0.99s | 14.76 Mbit/s
06:47:14 | INFO     | [BENCH] 567.5 KB | 1.00s | 4.42 Mbit/s
06:47:15 | INFO     | [API] [+] admin вошел в туннель ALL
06:47:15 | INFO     | [BENCH] 35 B | 1.00s | 0.00 Mbit/s
06:47:17 | INFO     | [BENCH] 35 B | 1.03s | 0.00 Mbit/s
06:47:19 | INFO     | [BENCH] 35 B | 1.00s | 0.00 Mbit/s
06:47:21 | INFO     | [BENCH] 35 B | 0.99s | 0.00 Mbit/s
06:47:24 | INFO     | [BENCH] 35 B | 1.01s | 0.00 Mbit/s
06:47:26 | INFO     | [BENCH] 35 B | 1.00s | 0.00 Mbit/s
06:47:28 | INFO     | [BENCH] 35 B | 1.01s | 0.00 Mbit/s
06:47:30 | INFO     | [BENCH] 35 B | 1.00s | 0.00 Mbit/s
06:47:32 | INFO     | [BENCH] 35 B | 1.00s | 0.00 Mbit/s
06:47:34 | INFO     | [BENCH] 35 B | 0.99s | 0.00 Mbit/s
06:47:36 | INFO     | [BENCH] 35 B | 1.01s | 0.00 Mbit/s
06:47:38 | INFO     | [BENCH] 35 B | 1.01s | 0.00 Mbit/s
06:47:40 | INFO     | [BENCH] 35 B | 1.01s | 0.00 Mbit/s
06:47:42 | INFO     | [BENCH] 35 B | 1.00s | 0.00 Mbit/s
06:47:44 | INFO     | [BENCH] 35 B | 0.99s | 0.00 Mbit/s
06:47:46 | INFO     | [BENCH] 35 B | 1.01s | 0.00 Mbit/s
06:47:48 | INFO     | [BENCH] 35 B | 1.01s | 0.00 Mbit/s
06:47:50 | INFO     | [BENCH] 35 B | 1.00s | 0.00 Mbit/s
06:47:52 | INFO     | [BENCH] 35 B | 1.00s | 0.00 Mbit/s
06:47:54 | INFO     | [BENCH] 35 B | 1.00s | 0.00 Mbit/s
06:47:56 | INFO     | [BENCH] 35 B | 0.99s | 0.00 Mbit/s
06:47:58 | INFO     | [BENCH] 35 B | 1.00s | 0.00 Mbit/s
06:48:00 | INFO     | [BENCH] 35 B | 1.01s | 0.00 Mbit/s
06:48:02 | INFO     | [BENCH] 35 B | 1.00s | 0.00 Mbit/s
06:48:04 | INFO     | [BENCH] 35 B | 1.02s | 0.00 Mbit/s
06:48:06 | INFO     | [BENCH] 35 B | 1.00s | 0.00 Mbit/s
06:48:08 | INFO     | [BENCH] 35 B | 1.02s | 0.00 Mbit/s
06:48:10 | INFO     | [BENCH] 35 B | 1.00s | 0.00 Mbit/s
06:48:12 | INFO     | [BENCH] 35 B | 1.00s | 0.00 Mbit/s
06:48:14 | INFO     | [BENCH] 35 B | 1.00s | 0.00 Mbit/s
06:48:16 | INFO     | [BENCH] 35 B | 1.00s | 0.00 Mbit/s
06:48:18 | INFO     | [BENCH] 35 B | 0.99s | 0.00 Mbit/s
06:48:20 | INFO     | [BENCH] 35 B | 0.99s | 0.00 Mbit/s
06:48:22 | INFO     | [BENCH] 35 B | 1.01s | 0.00 Mbit/s
06:48:24 | INFO     | [BENCH] 35 B | 0.99s | 0.00 Mbit/s
06:48:26 | INFO     | [BENCH] 35 B | 1.02s | 0.00 Mbit/s
06:48:28 | INFO     | [BENCH] 35 B | 1.00s | 0.00 Mbit/s
06:48:30 | INFO     | [BENCH] 35 B | 1.01s | 0.00 Mbit/s
06:48:32 | INFO     | [BENCH] 35 B | 1.01s | 0.00 Mbit/s
06:48:34 | INFO     | [BENCH] 35 B | 1.02s | 0.00 Mbit/s
06:48:36 | INFO     | [BENCH] 35 B | 1.01s | 0.00 Mbit/s
06:48:38 | INFO     | [BENCH] 35 B | 1.00s | 0.00 Mbit/s
06:48:40 | INFO     | [BENCH] 35 B | 1.00s | 0.00 Mbit/s
06:48:42 | INFO     | [BENCH] 35 B | 1.00s | 0.00 Mbit/s
06:48:44 | INFO     | [BENCH] 35 B | 1.01s | 0.00 Mbit/s
06:48:46 | INFO     | [BENCH] 35 B | 0.99s | 0.00 Mbit/s
06:48:48 | INFO     | [BENCH] 35 B | 1.02s | 0.00 Mbit/s
06:48:50 | INFO     | [BENCH] 35 B | 0.99s | 0.00 Mbit/s
06:48:52 | INFO     | [BENCH] 35 B | 1.02s | 0.00 Mbit/s
06:48:54 | INFO     | [BENCH] 35 B | 0.99s | 0.00 Mbit/s
06:48:56 | INFO     | [BENCH] 35 B | 1.02s | 0.00 Mbit/s
06:48:58 | INFO     | [BENCH] 35 B | 1.01s | 0.00 Mbit/s
06:49:00 | INFO     | [BENCH] 35 B | 1.00s | 0.00 Mbit/s
06:49:02 | INFO     | [BENCH] 35 B | 0.99s | 0.00 Mbit/s
06:49:04 | INFO     | [BENCH] 35 B | 0.99s | 0.00 Mbit/s
06:49:06 | INFO     | [BENCH] 35 B | 1.02s | 0.00 Mbit/s
06:49:08 | INFO     | [BENCH] 35 B | 1.00s | 0.00 Mbit/s
06:49:10 | INFO     | [BENCH] 35 B | 0.99s | 0.00 Mbit/s
06:49:12 | INFO     | [BENCH] 35 B | 1.02s | 0.00 Mbit/s
06:49:14 | INFO     | [BENCH] 35 B | 1.00s | 0.00 Mbit/s
06:49:16 | INFO     | [BENCH] 35 B | 0.99s | 0.00 Mbit/s
06:49:18 | INFO     | [BENCH] 35 B | 1.00s | 0.00 Mbit/s
06:49:20 | INFO     | [BENCH] 35 B | 1.02s | 0.00 Mbit/s
06:49:22 | INFO     | [BENCH] 35 B | 1.00s | 0.00 Mbit/s
06:49:24 | INFO     | [BENCH] 35 B | 1.00s | 0.00 Mbit/s
06:49:26 | INFO     | [BENCH] 35 B | 1.02s | 0.00 Mbit/s
06:49:28 | INFO     | [BENCH] 35 B | 1.00s | 0.00 Mbit/s
06:49:30 | INFO     | [BENCH] 35 B | 1.01s | 0.00 Mbit/s
06:49:32 | INFO     | [BENCH] 35 B | 1.02s | 0.00 Mbit/s
06:49:34 | INFO     | [BENCH] 35 B | 1.02s | 0.00 Mbit/s
06:49:36 | INFO     | [BENCH] 35 B | 1.00s | 0.00 Mbit/s
06:49:38 | INFO     | [BENCH] 35 B | 0.99s | 0.00 Mbit/s
06:49:40 | INFO     | [BENCH] 35 B | 1.02s | 0.00 Mbit/s
06:49:42 | INFO     | [BENCH] 35 B | 1.01s | 0.00 Mbit/s
06:49:44 | INFO     | [BENCH] 35 B | 1.02s | 0.00 Mbit/s
06:49:46 | INFO     | [BENCH] 35 B | 1.02s | 0.00 Mbit/s
06:49:48 | INFO     | [BENCH] 35 B | 1.00s | 0.00 Mbit/s
06:49:50 | INFO     | [BENCH] 35 B | 1.00s | 0.00 Mbit/s
06:49:52 | INFO     | [BENCH] 35 B | 1.00s | 0.00 Mbit/s
06:49:54 | INFO     | [BENCH] 35 B | 0.99s | 0.00 Mbit/s
06:49:56 | INFO     | [BENCH] 35 B | 1.00s | 0.00 Mbit/s
06:49:58 | INFO     | [BENCH] 35 B | 1.00s | 0.00 Mbit/s
06:50:00 | INFO     | [BENCH] 35 B | 1.01s | 0.00 Mbit/s
06:50:02 | INFO     | [BENCH] 35 B | 1.02s | 0.00 Mbit/s
06:50:04 | INFO     | [BENCH] 35 B | 1.01s | 0.00 Mbit/s
06:50:06 | INFO     | [BENCH] 35 B | 1.02s | 0.00 Mbit/s
06:50:08 | INFO     | [BENCH] 35 B | 1.01s | 0.00 Mbit/s
06:50:10 | INFO     | [BENCH] 35 B | 1.02s | 0.00 Mbit/s
06:50:12 | INFO     | [BENCH] 35 B | 1.02s | 0.00 Mbit/s
06:50:14 | INFO     | [BENCH] 35 B | 1.00s | 0.00 Mbit/s
06:50:16 | INFO     | [BENCH] 35 B | 1.00s | 0.00 Mbit/s
06:50:18 | INFO     | [API] [+] admin вошел в туннель ALL
06:50:18 | INFO     | [BENCH] 35 B | 1.00s | 0.00 Mbit/s
06:50:20 | INFO     | [BENCH] 35 B | 1.01s | 0.00 Mbit/s
06:50:22 | INFO     | [BENCH] 35 B | 1.00s | 0.00 Mbit/s
06:50:24 | INFO     | [BENCH] 35 B | 1.02s | 0.00 Mbit/s
06:50:26 | INFO     | [BENCH] 35 B | 1.00s | 0.00 Mbit/s
06:50:28 | INFO     | [BENCH] 35 B | 1.00s | 0.00 Mbit/s
06:50:30 | INFO     | [BENCH] 35 B | 1.02s | 0.00 Mbit/s
06:50:32 | INFO     | [BENCH] 35 B | 1.00s | 0.00 Mbit/s
06:50:35 | INFO     | [BENCH] 35 B | 1.00s | 0.00 Mbit/s
06:50:37 | INFO     | [BENCH] 35 B | 1.01s | 0.00 Mbit/s
06:50:39 | INFO     | [BENCH] 35 B | 1.00s | 0.00 Mbit/s
06:50:41 | INFO     | [BENCH] 35 B | 1.02s | 0.00 Mbit/s
06:50:43 | INFO     | [BENCH] 35 B | 1.00s | 0.00 Mbit/s
06:50:45 | INFO     | [BENCH] 35 B | 1.02s | 0.00 Mbit/s
06:50:47 | INFO     | [BENCH] 35 B | 1.00s | 0.00 Mbit/s
06:50:49 | INFO     | [BENCH] 35 B | 1.01s | 0.00 Mbit/s
06:50:51 | INFO     | [BENCH] 35 B | 1.02s | 0.00 Mbit/s
06:50:53 | INFO     | [BENCH] 35 B | 0.99s | 0.00 Mbit/s
06:50:55 | INFO     | [BENCH] 35 B | 1.02s | 0.00 Mbit/s
06:50:57 | INFO     | [BENCH] 35 B | 1.00s | 0.00 Mbit/s
06:50:59 | INFO     | [BENCH] 35 B | 0.99s | 0.00 Mbit/s
06:51:01 | INFO     | [BENCH] 35 B | 1.02s | 0.00 Mbit/s
06:51:03 | INFO     | [BENCH] 35 B | 1.00s | 0.00 Mbit/s
06:51:05 | INFO     | [BENCH] 35 B | 1.02s | 0.00 Mbit/s
06:51:07 | INFO     | [BENCH] 35 B | 0.99s | 0.00 Mbit/s
06:51:09 | INFO     | [BENCH] 35 B | 1.01s | 0.00 Mbit/s
06:51:11 | INFO     | [BENCH] 35 B | 0.99s | 0.00 Mbit/s
06:51:13 | INFO     | [BENCH] 35 B | 1.00s | 0.00 Mbit/s
06:51:15 | INFO     | [BENCH] 35 B | 1.02s | 0.00 Mbit/s
06:51:17 | INFO     | [BENCH] 35 B | 1.00s | 0.00 Mbit/s
06:51:19 | INFO     | [BENCH] 35 B | 1.02s | 0.00 Mbit/s
06:51:21 | INFO     | [BENCH] 35 B | 1.02s | 0.00 Mbit/s
06:51:23 | INFO     | [BENCH] 35 B | 1.01s | 0.00 Mbit/s
06:51:25 | INFO     | [BENCH] 35 B | 1.00s | 0.00 Mbit/s
06:51:27 | INFO     | [BENCH] 35 B | 1.02s | 0.00 Mbit/s
06:51:29 | INFO     | [BENCH] 35 B | 1.00s | 0.00 Mbit/s
06:51:31 | INFO     | [BENCH] 35 B | 1.00s | 0.00 Mbit/s
06:51:33 | INFO     | [BENCH] 35 B | 1.01s | 0.00 Mbit/s
06:51:35 | INFO     | [BENCH] 35 B | 1.00s | 0.00 Mbit/s
06:51:37 | INFO     | [BENCH] 35 B | 1.02s | 0.00 Mbit/s
06:51:39 | INFO     | [BENCH] 35 B | 1.02s | 0.00 Mbit/s
06:51:41 | INFO     | [BENCH] 35 B | 0.99s | 0.00 Mbit/s
06:51:43 | INFO     | [BENCH] 35 B | 1.00s | 0.00 Mbit/s
06:51:45 | INFO     | [BENCH] 35 B | 1.01s | 0.00 Mbit/s
06:51:47 | INFO     | [BENCH] 35 B | 1.01s | 0.00 Mbit/s
06:51:49 | INFO     | [BENCH] 35 B | 1.00s | 0.00 Mbit/s
06:51:51 | INFO     | [BENCH] 35 B | 1.00s | 0.00 Mbit/s
06:51:53 | INFO     | [BENCH] 35 B | 1.02s | 0.00 Mbit/s
06:51:55 | INFO     | [BENCH] 35 B | 1.00s | 0.00 Mbit/s
06:51:57 | INFO     | [BENCH] 35 B | 1.00s | 0.00 Mbit/s
06:51:59 | INFO     | [BENCH] 35 B | 1.02s | 0.00 Mbit/s
06:52:01 | INFO     | [BENCH] 50.6 KB | 1.00s | 0.39 Mbit/s
06:52:03 | INFO     | [BENCH] 35 B | 1.00s | 0.00 Mbit/s
06:52:05 | INFO     | [BENCH] 35 B | 1.00s | 0.00 Mbit/s
06:52:07 | INFO     | [BENCH] 35 B | 1.00s | 0.00 Mbit/s
06:52:09 | INFO     | [BENCH] 35 B | 1.01s | 0.00 Mbit/s
06:52:11 | INFO     | [BENCH] 35 B | 0.99s | 0.00 Mbit/s
06:52:13 | INFO     | [BENCH] 35 B | 1.00s | 0.00 Mbit/s
06:52:15 | INFO     | [BENCH] 35 B | 0.99s | 0.00 Mbit/s
06:52:17 | INFO     | [BENCH] 35 B | 1.00s | 0.00 Mbit/s
06:52:19 | INFO     | [BENCH] 35 B | 1.02s | 0.00 Mbit/s
06:52:21 | INFO     | [BENCH] 35 B | 1.00s | 0.00 Mbit/s
06:52:23 | INFO     | [BENCH] 35 B | 1.00s | 0.00 Mbit/s
06:52:25 | INFO     | [BENCH] 35 B | 1.02s | 0.00 Mbit/s
06:52:27 | INFO     | [BENCH] 35 B | 1.01s | 0.00 Mbit/s
06:52:29 | INFO     | [BENCH] 35 B | 1.01s | 0.00 Mbit/s
06:52:31 | INFO     | [BENCH] 35 B | 1.00s | 0.00 Mbit/s
06:52:33 | INFO     | [BENCH] 35 B | 1.02s | 0.00 Mbit/s
06:52:35 | INFO     | [BENCH] 35 B | 1.00s | 0.00 Mbit/s
06:52:37 | INFO     | [BENCH] 35 B | 0.99s | 0.00 Mbit/s
06:52:39 | INFO     | [BENCH] 35 B | 1.02s | 0.00 Mbit/s
06:52:41 | INFO     | [BENCH] 35 B | 1.00s | 0.00 Mbit/s
06:52:43 | INFO     | [BENCH] 35 B | 1.01s | 0.00 Mbit/s
06:52:45 | INFO     | [BENCH] 35 B | 1.02s | 0.00 Mbit/s
06:52:47 | INFO     | [BENCH] 35 B | 1.00s | 0.00 Mbit/s
06:52:49 | INFO     | [BENCH] 35 B | 1.02s | 0.00 Mbit/s
06:52:51 | INFO     | [BENCH] 35 B | 1.02s | 0.00 Mbit/s
06:52:53 | INFO     | [BENCH] 35 B | 0.99s | 0.00 Mbit/s
06:52:55 | INFO     | [BENCH] 35 B | 1.02s | 0.00 Mbit/s
06:52:57 | INFO     | [BENCH] 35 B | 1.00s | 0.00 Mbit/s
06:52:59 | INFO     | [BENCH] 35 B | 0.98s | 0.00 Mbit/s
06:53:01 | INFO     | [BENCH] 35 B | 1.00s | 0.00 Mbit/s
06:53:03 | INFO     | [BENCH] 35 B | 0.99s | 0.00 Mbit/s
06:53:05 | INFO     | [BENCH] 35 B | 0.98s | 0.00 Mbit/s
06:53:07 | INFO     | [BENCH] 35 B | 1.02s | 0.00 Mbit/s
06:53:09 | INFO     | [BENCH] 35 B | 1.01s | 0.00 Mbit/s
06:53:11 | INFO     | [BENCH] 35 B | 1.02s | 0.00 Mbit/s
06:53:13 | INFO     | [BENCH] 35 B | 1.00s | 0.00 Mbit/s
06:53:15 | INFO     | [BENCH] 35 B | 1.00s | 0.00 Mbit/s
06:53:17 | INFO     | [BENCH] 35 B | 1.00s | 0.00 Mbit/s
06:53:19 | INFO     | [BENCH] 35 B | 1.02s | 0.00 Mbit/s
06:53:21 | INFO     | [BENCH] 35 B | 1.00s | 0.00 Mbit/s
06:53:23 | INFO     | [BENCH] 35 B | 1.00s | 0.00 Mbit/s
06:53:25 | INFO     | [BENCH] 35 B | 1.00s | 0.00 Mbit/s
06:53:27 | INFO     | [BENCH] 35 B | 1.01s | 0.00 Mbit/s
06:53:29 | INFO     | [BENCH] 35 B | 1.01s | 0.00 Mbit/s
06:53:31 | INFO     | [BENCH] 35 B | 1.02s | 0.00 Mbit/s
06:53:33 | INFO     | [BENCH] 35 B | 1.02s | 0.00 Mbit/s
06:53:35 | INFO     | [BENCH] 35 B | 0.99s | 0.00 Mbit/s
06:53:37 | INFO     | [BENCH] 35 B | 1.00s | 0.00 Mbit/s
06:53:39 | INFO     | [BENCH] 35 B | 1.02s | 0.00 Mbit/s
06:53:41 | INFO     | [BENCH] 35 B | 1.00s | 0.00 Mbit/s
06:53:43 | INFO     | [BENCH] 35 B | 0.98s | 0.00 Mbit/s
06:53:45 | INFO     | [BENCH] 35 B | 1.00s | 0.00 Mbit/s
06:53:47 | INFO     | [BENCH] 35 B | 1.02s | 0.00 Mbit/s
06:53:49 | INFO     | [BENCH] 35 B | 1.00s | 0.00 Mbit/s
06:53:51 | INFO     | [BENCH] 35 B | 0.98s | 0.00 Mbit/s
06:53:53 | INFO     | [BENCH] 35 B | 1.00s | 0.00 Mbit/s
06:53:55 | INFO     | [BENCH] 35 B | 1.02s | 0.00 Mbit/s
06:53:57 | INFO     | [BENCH] 35 B | 1.00s | 0.00 Mbit/s
06:53:59 | INFO     | [BENCH] 35 B | 0.99s | 0.00 Mbit/s
06:54:01 | INFO     | [BENCH] 35 B | 1.02s | 0.00 Mbit/s
06:54:03 | INFO     | [BENCH] 35 B | 1.00s | 0.00 Mbit/s
06:54:05 | INFO     | [BENCH] 35 B | 1.01s | 0.00 Mbit/s
06:54:07 | INFO     | [BENCH] 35 B | 1.02s | 0.00 Mbit/s
06:54:09 | INFO     | [BENCH] 35 B | 1.01s | 0.00 Mbit/s
06:54:11 | INFO     | [BENCH] 35 B | 1.00s | 0.00 Mbit/s
06:54:13 | INFO     | [BENCH] 35 B | 0.99s | 0.00 Mbit/s
06:54:15 | INFO     | [BENCH] 35 B | 1.00s | 0.00 Mbit/s
06:54:17 | INFO     | [BENCH] 35 B | 1.01s | 0.00 Mbit/s
06:54:19 | INFO     | [BENCH] 35 B | 0.99s | 0.00 Mbit/s
06:54:22 | INFO     | [BENCH] 35 B | 1.01s | 0.00 Mbit/s
06:54:24 | INFO     | [BENCH] 35 B | 0.99s | 0.00 Mbit/s
06:54:26 | INFO     | [BENCH] 35 B | 1.01s | 0.00 Mbit/s
06:54:28 | INFO     | [BENCH] 35 B | 1.01s | 0.00 Mbit/s
06:54:30 | INFO     | [BENCH] 35 B | 1.00s | 0.00 Mbit/s
06:54:32 | INFO     | [BENCH] 35 B | 1.00s | 0.00 Mbit/s
06:54:34 | INFO     | [BENCH] 35 B | 1.00s | 0.00 Mbit/s
06:54:36 | INFO     | [BENCH] 35 B | 1.00s | 0.00 Mbit/s
06:54:38 | INFO     | [BENCH] 35 B | 1.00s | 0.00 Mbit/s
06:54:40 | INFO     | [BENCH] 35 B | 1.00s | 0.00 Mbit/s
06:54:42 | INFO     | [BENCH] 35 B | 0.98s | 0.00 Mbit/s
06:54:44 | INFO     | [BENCH] 35 B | 1.01s | 0.00 Mbit/s
06:54:46 | INFO     | [BENCH] 35 B | 1.00s | 0.00 Mbit/s
06:54:48 | INFO     | [BENCH] 35 B | 1.00s | 0.00 Mbit/s
06:54:50 | INFO     | [BENCH] 35 B | 1.02s | 0.00 Mbit/s
06:54:52 | INFO     | [BENCH] 35 B | 1.00s | 0.00 Mbit/s
06:54:54 | INFO     | [BENCH] 35 B | 1.01s | 0.00 Mbit/s
06:54:56 | INFO     | [BENCH] 35 B | 1.01s | 0.00 Mbit/s
06:54:58 | INFO     | [BENCH] 35 B | 1.00s | 0.00 Mbit/s
06:55:00 | INFO     | [BENCH] 35 B | 1.02s | 0.00 Mbit/s
06:55:02 | INFO     | [BENCH] 35 B | 1.00s | 0.00 Mbit/s
06:55:04 | INFO     | [BENCH] 35 B | 1.00s | 0.00 Mbit/s
06:55:06 | INFO     | [BENCH] 35 B | 1.00s | 0.00 Mbit/s
06:55:08 | INFO     | [BENCH] 35 B | 1.02s | 0.00 Mbit/s
06:55:10 | INFO     | [BENCH] 35 B | 0.99s | 0.00 Mbit/s
06:55:12 | INFO     | [BENCH] 35 B | 1.00s | 0.00 Mbit/s
06:55:14 | INFO     | [BENCH] 35 B | 0.98s | 0.00 Mbit/s
06:55:16 | INFO     | [BENCH] 35 B | 1.01s | 0.00 Mbit/s
06:55:18 | INFO     | [BENCH] 35 B | 1.02s | 0.00 Mbit/s
06:55:20 | INFO     | [BENCH] 35 B | 1.00s | 0.00 Mbit/s
06:55:22 | INFO     | [BENCH] 35 B | 1.01s | 0.00 Mbit/s
06:55:22 | WARNING  | [-] Бот ua4e1-Bot-Worker реально отключился
06:55:34 | INFO     | [+] Бот ua4e1-Bot-Worker активен
06:55:35 | INFO     | [BENCH] 202 B | 1.00s | 0.00 Mbit/s
06:55:39 | INFO     | [API] [+] admin вошел в туннель ALL
06:55:41 | INFO     | [API] [+] admin вошел в туннель ALL
06:55:54 | INFO     | [+] TCP C2: ('127.0.0.1', 50001)
06:55:55 | INFO     | [API] [+] admin вошел в туннель ALL
06:55:57 | INFO     | [API] [+] admin вошел в туннель ALL
06:55:59 | INFO     | [+] Бот ua4e1-Bot-Worker активен
06:55:59 | INFO     | [BENCH] 228 B | 1.00s | 0.00 Mbit/s
06:56:00 | INFO     | [API] [+] admin вошел в туннель ALL
06:57:59 | INFO     | [API] [+] admin вошел в туннель ALL
06:58:03 | WARNING  | [-] Бот ua4e1-Bot-Worker реально отключился
06:58:10 | INFO     | [+] Бот ua4e1-Bot-Worker активен
06:58:11 | INFO     | [BENCH] 202 B | 1.00s | 0.00 Mbit/s
06:59:55 | INFO     | [+] TCP C2: ('127.0.0.1', 50001)
06:59:55 | INFO     | [+] Бот ua4e1-Bot-Worker активен
06:59:55 | INFO     | [API] [+] admin вошел в туннель ALL
06:59:56 | INFO     | [BENCH] 41.9 KB | 1.01s | 0.32 Mbit/s
06:59:58 | INFO     | [BENCH] 280 B | 1.01s | 0.00 Mbit/s
06:59:59 | INFO     | [API] [+] admin вошел в туннель ALL
07:00:00 | INFO     | [API] [+] admin вошел в туннель ALL
07:00:00 | INFO     | [BENCH] 280 B | 1.00s | 0.00 Mbit/s
07:00:02 | INFO     | [BENCH] 280 B | 1.00s | 0.00 Mbit/s
07:00:04 | INFO     | [BENCH] 280 B | 1.00s | 0.00 Mbit/s
07:00:06 | INFO     | [BENCH] 280 B | 1.00s | 0.00 Mbit/s
07:00:08 | INFO     | [BENCH] 280 B | 0.99s | 0.00 Mbit/s
07:00:10 | INFO     | [BENCH] 280 B | 1.00s | 0.00 Mbit/s
07:00:12 | INFO     | [BENCH] 280 B | 1.01s | 0.00 Mbit/s
07:00:14 | INFO     | [BENCH] 280 B | 1.01s | 0.00 Mbit/s
07:00:16 | INFO     | [BENCH] 280 B | 1.00s | 0.00 Mbit/s
19:23:19 | INFO     | [+] TCP C2: ('127.0.0.1', 50001)
19:23:19 | INFO     | [+] Бот ua4e1-Bot-Worker активен
19:23:20 | INFO     | [API] [+] admin вошел в туннель ALL
19:23:20 | INFO     | [BENCH] 66.5 KB | 1.02s | 0.51 Mbit/s
19:23:20 | INFO     | [API] [+] admin вошел в туннель ALL
19:23:22 | INFO     | [BENCH] 280 B | 1.00s | 0.00 Mbit/s
19:23:24 | INFO     | [BENCH] 280 B | 1.00s | 0.00 Mbit/s
19:23:26 | INFO     | [BENCH] 280 B | 1.02s | 0.00 Mbit/s
19:23:28 | INFO     | [BENCH] 280 B | 0.99s | 0.00 Mbit/s
19:23:30 | INFO     | [BENCH] 280 B | 1.00s | 0.00 Mbit/s
19:23:32 | INFO     | [BENCH] 280 B | 1.00s | 0.00 Mbit/s
19:23:34 | INFO     | [API] [+] admin вошел в туннель ALL
19:23:34 | INFO     | [BENCH] 280 B | 0.99s | 0.00 Mbit/s
19:23:36 | INFO     | [BENCH] 280 B | 1.00s | 0.00 Mbit/s
19:23:38 | INFO     | [BENCH] 280 B | 1.00s | 0.00 Mbit/s
19:23:40 | INFO     | [BENCH] 280 B | 1.02s | 0.00 Mbit/s
19:23:42 | INFO     | [API] [+] admin вошел в туннель ALL
19:23:42 | INFO     | [BENCH] 280 B | 0.99s | 0.00 Mbit/s
19:23:43 | INFO     | [BENCH] 325.7 KB | 1.01s | 2.52 Mbit/s
19:23:44 | INFO     | [BENCH] 1.83 MB | 0.99s | 14.74 Mbit/s
19:23:45 | INFO     | [BENCH] 1.99 MB | 1.00s | 15.84 Mbit/s
19:23:46 | INFO     | [BENCH] 1.99 MB | 0.98s | 16.25 Mbit/s
19:23:47 | INFO     | [BENCH] 2.31 MB | 1.01s | 18.30 Mbit/s
19:23:48 | INFO     | [BENCH] 2.15 MB | 1.01s | 16.96 Mbit/s
19:23:49 | INFO     | [BENCH] 2.24 MB | 1.01s | 17.64 Mbit/s
19:23:50 | INFO     | [BENCH] 2.35 MB | 1.01s | 18.60 Mbit/s
19:23:51 | INFO     | [BENCH] 2.07 MB | 1.00s | 16.55 Mbit/s
19:23:52 | INFO     | [BENCH] 2.68 MB | 1.00s | 21.51 Mbit/s
19:23:53 | INFO     | [BENCH] 2.54 MB | 1.00s | 20.31 Mbit/s
19:23:54 | INFO     | [BENCH] 2.99 MB | 1.01s | 23.73 Mbit/s
19:23:55 | INFO     | [BENCH] 2.42 MB | 0.99s | 19.49 Mbit/s
19:23:56 | INFO     | [BENCH] 2.77 MB | 1.00s | 22.07 Mbit/s
19:23:57 | INFO     | [BENCH] 2.23 MB | 1.00s | 17.72 Mbit/s
19:23:58 | INFO     | [BENCH] 2.01 MB | 0.99s | 16.23 Mbit/s
19:23:59 | INFO     | [BENCH] 2.51 MB | 1.00s | 20.06 Mbit/s
19:24:00 | INFO     | [BENCH] 2.85 MB | 1.00s | 22.79 Mbit/s
19:24:01 | INFO     | [BENCH] 2.78 MB | 0.99s | 22.38 Mbit/s
19:24:02 | INFO     | [BENCH] 2.84 MB | 1.01s | 22.46 Mbit/s
19:24:03 | INFO     | [BENCH] 2.89 MB | 0.99s | 23.26 Mbit/s
19:24:04 | INFO     | [BENCH] 2.46 MB | 1.00s | 19.69 Mbit/s
19:24:05 | INFO     | [BENCH] 2.15 MB | 1.00s | 17.18 Mbit/s
19:24:06 | INFO     | [BENCH] 2.54 MB | 1.00s | 20.34 Mbit/s
19:24:07 | INFO     | [BENCH] 1.99 MB | 1.01s | 15.79 Mbit/s
19:24:08 | INFO     | [BENCH] 2.07 MB | 1.01s | 16.35 Mbit/s
19:24:09 | INFO     | [BENCH] 1.91 MB | 1.00s | 15.24 Mbit/s
19:24:10 | INFO     | [BENCH] 1.91 MB | 1.00s | 15.29 Mbit/s
19:24:11 | INFO     | [BENCH] 1.83 MB | 1.00s | 14.68 Mbit/s
19:24:12 | INFO     | [BENCH] 2.00 MB | 1.00s | 15.97 Mbit/s
19:24:13 | INFO     | [BENCH] 1.89 MB | 1.00s | 15.14 Mbit/s
19:24:14 | INFO     | [BENCH] 1.28 MB | 1.00s | 10.21 Mbit/s
19:24:40 | INFO     | [API] [+] admin вошел в туннель ALL
19:24:44 | INFO     | [API] [+] admin вошел в туннель ALL
19:24:46 | INFO     | [API] [+] admin вошел в туннель ALL
19:25:19 | INFO     | [API] [+] admin вошел в туннель ALL
19:25:35 | INFO     | [API] [+] admin вошел в туннель ALL
19:25:40 | INFO     | [API] [+] admin вошел в туннель ALL
19:25:57 | INFO     | [+] TCP C2: ('127.0.0.1', 50001)
19:25:58 | INFO     | [API] [+] admin вошел в туннель ALL
19:26:00 | INFO     | [API] [+] admin вошел в туннель ALL
19:26:00 | INFO     | [API] [+] admin вошел в туннель ALL
19:26:04 | INFO     | [API] [+] admin вошел в туннель ALL
19:26:04 | INFO     | [API] [+] admin вошел в туннель ALL
19:26:22 | INFO     | [+] Бот ua4e1-Bot-Worker активен
19:26:22 | INFO     | [BENCH] 70.0 KB | 1.01s | 0.54 Mbit/s
19:26:24 | INFO     | [BENCH] 59.9 KB | 1.02s | 0.46 Mbit/s
19:26:26 | INFO     | [BENCH] 71.9 KB | 1.02s | 0.55 Mbit/s
19:26:28 | INFO     | [BENCH] 280 B | 1.01s | 0.00 Mbit/s
19:26:30 | INFO     | [BENCH] 280 B | 1.00s | 0.00 Mbit/s
19:26:32 | INFO     | [BENCH] 280 B | 1.00s | 0.00 Mbit/s
19:26:34 | INFO     | [BENCH] 280 B | 1.00s | 0.00 Mbit/s
19:26:36 | INFO     | [BENCH] 280 B | 1.01s | 0.00 Mbit/s
19:26:37 | INFO     | [API] [+] admin вошел в туннель ALL
19:26:38 | INFO     | [BENCH] 280 B | 1.01s | 0.00 Mbit/s
19:26:39 | INFO     | [API] [+] admin вошел в туннель ALL
19:26:40 | INFO     | [BENCH] 1.35 MB | 1.00s | 10.82 Mbit/s
19:26:41 | INFO     | [BENCH] 2.23 MB | 0.99s | 18.07 Mbit/s
19:26:42 | INFO     | [BENCH] 3.04 MB | 1.00s | 24.30 Mbit/s
19:26:43 | INFO     | [BENCH] 2.78 MB | 1.00s | 22.27 Mbit/s
19:26:44 | INFO     | [BENCH] 2.21 MB | 1.00s | 17.72 Mbit/s
19:26:45 | INFO     | [BENCH] 1.91 MB | 1.00s | 15.26 Mbit/s
19:26:46 | INFO     | [BENCH] 1.91 MB | 1.00s | 15.27 Mbit/s
19:26:47 | INFO     | [BENCH] 1.91 MB | 1.00s | 15.24 Mbit/s
19:26:48 | INFO     | [BENCH] 1.99 MB | 1.00s | 15.87 Mbit/s
19:26:49 | INFO     | [BENCH] 1.91 MB | 1.00s | 15.28 Mbit/s
19:26:50 | INFO     | [BENCH] 1.91 MB | 1.00s | 15.27 Mbit/s
19:26:51 | INFO     | [BENCH] 1.93 MB | 1.00s | 15.49 Mbit/s
19:26:52 | INFO     | [BENCH] 1.89 MB | 1.00s | 15.09 Mbit/s
19:26:53 | INFO     | [BENCH] 1.93 MB | 1.00s | 15.43 Mbit/s
19:26:54 | INFO     | [BENCH] 2.00 MB | 1.00s | 15.96 Mbit/s
19:26:55 | INFO     | [BENCH] 1.80 MB | 1.00s | 14.39 Mbit/s
19:26:56 | INFO     | [BENCH] 1.99 MB | 1.00s | 15.94 Mbit/s
19:26:57 | INFO     | [BENCH] 1.91 MB | 1.00s | 15.24 Mbit/s
19:26:58 | INFO     | [BENCH] 1.91 MB | 1.00s | 15.27 Mbit/s
19:26:59 | INFO     | [BENCH] 1.99 MB | 1.00s | 15.85 Mbit/s
19:27:00 | INFO     | [BENCH] 1.99 MB | 1.00s | 15.98 Mbit/s
19:27:01 | INFO     | [BENCH] 1.90 MB | 1.00s | 15.23 Mbit/s
19:27:02 | INFO     | [BENCH] 1.91 MB | 1.00s | 15.26 Mbit/s
19:27:03 | INFO     | [BENCH] 1.91 MB | 1.00s | 15.31 Mbit/s
19:27:04 | INFO     | [BENCH] 2.11 MB | 1.00s | 16.86 Mbit/s
19:27:05 | INFO     | [BENCH] 1.78 MB | 1.00s | 14.28 Mbit/s
19:27:06 | INFO     | [BENCH] 1.91 MB | 1.00s | 15.27 Mbit/s
19:27:07 | INFO     | [BENCH] 1.91 MB | 1.00s | 15.26 Mbit/s
19:27:08 | INFO     | [BENCH] 1.93 MB | 1.01s | 15.24 Mbit/s
19:27:09 | INFO     | [BENCH] 2.04 MB | 0.99s | 16.50 Mbit/s
19:27:10 | INFO     | [BENCH] 1.87 MB | 1.00s | 14.96 Mbit/s
19:27:11 | INFO     | [BENCH] 2.03 MB | 1.00s | 16.28 Mbit/s
19:27:12 | INFO     | [BENCH] 1.91 MB | 1.00s | 15.27 Mbit/s
19:27:13 | INFO     | [BENCH] 1.91 MB | 1.00s | 15.26 Mbit/s
19:27:14 | INFO     | [BENCH] 2.07 MB | 1.00s | 16.52 Mbit/s
19:27:15 | INFO     | [BENCH] 2.19 MB | 1.00s | 17.57 Mbit/s
19:27:16 | INFO     | [BENCH] 1.87 MB | 1.01s | 14.88 Mbit/s
19:27:17 | INFO     | [BENCH] 2.03 MB | 1.00s | 16.25 Mbit/s
19:27:18 | INFO     | [BENCH] 1.87 MB | 1.00s | 14.96 Mbit/s
19:27:19 | INFO     | [BENCH] 1.90 MB | 1.00s | 15.25 Mbit/s
19:27:20 | INFO     | [BENCH] 1.83 MB | 1.00s | 14.65 Mbit/s
19:27:21 | INFO     | [BENCH] 1.99 MB | 1.00s | 15.88 Mbit/s
19:27:22 | INFO     | [BENCH] 1.91 MB | 1.00s | 15.31 Mbit/s
19:27:23 | INFO     | [BENCH] 1.99 MB | 1.00s | 15.88 Mbit/s
19:27:24 | INFO     | [BENCH] 1.91 MB | 1.00s | 15.28 Mbit/s
19:27:25 | INFO     | [BENCH] 1.91 MB | 1.00s | 15.27 Mbit/s
19:27:26 | INFO     | [BENCH] 1.91 MB | 1.00s | 15.25 Mbit/s
19:27:27 | INFO     | [BENCH] 1.91 MB | 1.00s | 15.29 Mbit/s
19:27:28 | INFO     | [BENCH] 1.91 MB | 1.00s | 15.27 Mbit/s
19:27:29 | INFO     | [BENCH] 2.07 MB | 1.01s | 16.36 Mbit/s
19:27:30 | INFO     | [BENCH] 2.62 MB | 0.99s | 21.29 Mbit/s
19:27:31 | INFO     | [BENCH] 2.34 MB | 1.00s | 18.61 Mbit/s
19:27:32 | INFO     | [BENCH] 1.88 MB | 1.00s | 15.03 Mbit/s
19:27:33 | INFO     | [BENCH] 1.99 MB | 1.00s | 15.92 Mbit/s
19:27:34 | INFO     | [BENCH] 1.91 MB | 1.00s | 15.26 Mbit/s
19:27:35 | INFO     | [BENCH] 2.39 MB | 1.00s | 19.07 Mbit/s
19:27:36 | INFO     | [BENCH] 2.22 MB | 1.00s | 17.75 Mbit/s
19:27:37 | INFO     | [BENCH] 1.83 MB | 1.00s | 14.70 Mbit/s
19:27:38 | INFO     | [BENCH] 1.91 MB | 1.00s | 15.26 Mbit/s
19:27:39 | INFO     | [BENCH] 1.91 MB | 1.00s | 15.27 Mbit/s
19:27:40 | INFO     | [BENCH] 2.04 MB | 1.00s | 16.30 Mbit/s
19:27:41 | INFO     | [BENCH] 1.69 MB | 1.01s | 13.45 Mbit/s
19:27:42 | INFO     | [API] [+] admin вошел в туннель ALL
19:27:42 | INFO     | [BENCH] 280 B | 1.01s | 0.00 Mbit/s
19:27:43 | INFO     | [BENCH] 1.27 MB | 0.98s | 10.43 Mbit/s
19:27:44 | INFO     | [BENCH] 1.91 MB | 1.00s | 15.27 Mbit/s
19:27:45 | INFO     | [BENCH] 1.83 MB | 1.00s | 14.64 Mbit/s
19:27:46 | INFO     | [API] [+] admin вошел в туннель ALL
19:27:46 | INFO     | [BENCH] 1.63 MB | 1.02s | 12.79 Mbit/s
19:27:47 | INFO     | [BENCH] 732.7 KB | 0.98s | 5.86 Mbit/s
19:27:48 | INFO     | [BENCH] 1.93 MB | 1.02s | 15.16 Mbit/s
19:27:49 | INFO     | [BENCH] 1.98 MB | 0.98s | 16.09 Mbit/s
19:27:50 | INFO     | [BENCH] 1.87 MB | 1.00s | 14.93 Mbit/s
19:27:51 | INFO     | [BENCH] 1.89 MB | 1.00s | 15.13 Mbit/s
19:27:52 | INFO     | [BENCH] 1.80 MB | 1.02s | 14.18 Mbit/s
19:27:53 | INFO     | [BENCH] 1.96 MB | 0.99s | 15.82 Mbit/s
19:27:54 | INFO     | [BENCH] 2.13 MB | 1.01s | 16.84 Mbit/s
19:27:55 | INFO     | [BENCH] 1.75 MB | 0.99s | 14.18 Mbit/s
19:27:56 | INFO     | [BENCH] 1.87 MB | 1.00s | 15.03 Mbit/s
19:27:57 | INFO     | [BENCH] 1.99 MB | 1.01s | 15.68 Mbit/s
19:27:58 | INFO     | [BENCH] 1.83 MB | 0.99s | 14.85 Mbit/s
19:27:59 | INFO     | [BENCH] 2.10 MB | 1.02s | 16.54 Mbit/s
19:28:00 | INFO     | [BENCH] 1.79 MB | 1.00s | 14.38 Mbit/s
19:28:01 | INFO     | [BENCH] 1.91 MB | 1.00s | 15.22 Mbit/s
19:28:02 | INFO     | [BENCH] 1.91 MB | 1.00s | 15.30 Mbit/s
19:28:03 | INFO     | [BENCH] 1.83 MB | 0.98s | 14.91 Mbit/s
19:28:04 | INFO     | [BENCH] 1.99 MB | 1.02s | 15.61 Mbit/s
19:28:05 | INFO     | [BENCH] 1.91 MB | 0.98s | 15.51 Mbit/s
19:28:06 | INFO     | [BENCH] 1.86 MB | 1.00s | 14.82 Mbit/s
19:28:07 | INFO     | [BENCH] 1.88 MB | 1.00s | 15.02 Mbit/s
19:28:08 | INFO     | [BENCH] 1.99 MB | 0.99s | 16.03 Mbit/s
19:28:09 | INFO     | [BENCH] 1.83 MB | 1.01s | 14.46 Mbit/s
19:28:10 | INFO     | [BENCH] 1.95 MB | 1.00s | 15.65 Mbit/s
19:28:11 | INFO     | [BENCH] 1.89 MB | 1.00s | 15.07 Mbit/s
19:28:12 | INFO     | [BENCH] 1.88 MB | 1.00s | 15.02 Mbit/s
19:28:13 | INFO     | [BENCH] 1.99 MB | 1.00s | 15.86 Mbit/s
19:28:14 | INFO     | [BENCH] 1.99 MB | 0.99s | 16.13 Mbit/s
19:28:15 | INFO     | [BENCH] 2.07 MB | 1.01s | 16.34 Mbit/s
19:28:16 | INFO     | [BENCH] 2.03 MB | 0.99s | 16.49 Mbit/s
19:28:17 | INFO     | [BENCH] 1.78 MB | 1.01s | 14.06 Mbit/s
19:28:18 | INFO     | [BENCH] 1.99 MB | 1.00s | 15.88 Mbit/s
19:28:19 | INFO     | [BENCH] 1.96 MB | 0.98s | 15.91 Mbit/s
19:28:20 | INFO     | [BENCH] 1.86 MB | 1.00s | 14.91 Mbit/s
19:28:21 | INFO     | [BENCH] 2.17 MB | 1.01s | 17.14 Mbit/s
19:28:22 | INFO     | [BENCH] 1.96 MB | 1.00s | 15.69 Mbit/s
19:28:23 | INFO     | [BENCH] 2.08 MB | 1.00s | 16.55 Mbit/s
19:28:24 | INFO     | [BENCH] 1.98 MB | 1.00s | 15.85 Mbit/s
19:28:25 | INFO     | [BENCH] 1.91 MB | 0.98s | 15.54 Mbit/s
19:28:26 | INFO     | [BENCH] 1.91 MB | 1.00s | 15.22 Mbit/s
19:28:27 | INFO     | [BENCH] 1.91 MB | 1.02s | 15.00 Mbit/s
19:28:28 | INFO     | [BENCH] 1.91 MB | 1.00s | 15.31 Mbit/s
19:28:29 | INFO     | [BENCH] 1.91 MB | 0.98s | 15.51 Mbit/s
19:28:30 | INFO     | [BENCH] 1.91 MB | 1.01s | 15.08 Mbit/s
19:28:31 | INFO     | [BENCH] 1.90 MB | 1.00s | 15.23 Mbit/s
19:28:32 | INFO     | [BENCH] 1.97 MB | 1.00s | 15.75 Mbit/s
19:28:33 | INFO     | [BENCH] 1.95 MB | 1.00s | 15.65 Mbit/s
19:28:34 | INFO     | [BENCH] 1.88 MB | 0.98s | 15.29 Mbit/s
19:28:35 | INFO     | [BENCH] 1.91 MB | 1.00s | 15.27 Mbit/s
19:28:36 | INFO     | [BENCH] 1.91 MB | 1.00s | 15.26 Mbit/s
19:28:37 | INFO     | [BENCH] 1.91 MB | 1.00s | 15.24 Mbit/s
19:28:38 | INFO     | [BENCH] 2.46 MB | 1.01s | 19.60 Mbit/s
19:28:39 | INFO     | [BENCH] 3.19 MB | 0.99s | 25.74 Mbit/s
19:28:40 | INFO     | [BENCH] 2.53 MB | 1.00s | 20.26 Mbit/s
19:28:41 | INFO     | [BENCH] 1.91 MB | 1.02s | 14.98 Mbit/s
19:28:42 | INFO     | [BENCH] 2.15 MB | 1.00s | 17.22 Mbit/s
19:28:43 | INFO     | [BENCH] 2.26 MB | 1.00s | 18.01 Mbit/s
19:28:44 | INFO     | [BENCH] 1.96 MB | 0.98s | 15.94 Mbit/s
19:28:45 | INFO     | [BENCH] 1.91 MB | 1.02s | 15.00 Mbit/s
19:28:46 | INFO     | [BENCH] 2.70 MB | 1.00s | 21.58 Mbit/s
19:28:47 | INFO     | [BENCH] 2.15 MB | 0.99s | 17.32 Mbit/s
19:28:48 | INFO     | [BENCH] 2.23 MB | 0.99s | 17.92 Mbit/s
19:28:49 | INFO     | [BENCH] 1.91 MB | 1.00s | 15.21 Mbit/s
19:28:50 | INFO     | [BENCH] 2.23 MB | 0.99s | 17.91 Mbit/s
19:28:51 | INFO     | [BENCH] 2.02 MB | 1.00s | 16.18 Mbit/s
19:28:52 | INFO     | [BENCH] 1.74 MB | 1.00s | 13.89 Mbit/s
19:28:53 | INFO     | [BENCH] 1.91 MB | 1.00s | 15.27 Mbit/s
19:28:54 | INFO     | [BENCH] 1.89 MB | 1.00s | 15.06 Mbit/s
19:28:55 | INFO     | [BENCH] 1.99 MB | 0.99s | 16.00 Mbit/s
19:28:56 | INFO     | [BENCH] 1.94 MB | 1.01s | 15.41 Mbit/s
19:28:57 | INFO     | [BENCH] 1.94 MB | 1.00s | 15.42 Mbit/s
19:28:58 | INFO     | [BENCH] 1.87 MB | 1.00s | 14.91 Mbit/s
19:28:59 | INFO     | [BENCH] 1.97 MB | 0.99s | 15.94 Mbit/s
19:29:00 | INFO     | [BENCH] 1.99 MB | 1.00s | 15.91 Mbit/s
19:29:01 | INFO     | [BENCH] 1.96 MB | 1.02s | 15.39 Mbit/s
19:29:02 | INFO     | [BENCH] 1.86 MB | 0.98s | 15.14 Mbit/s
19:29:03 | INFO     | [BENCH] 1.91 MB | 1.01s | 15.08 Mbit/s
19:29:04 | INFO     | [BENCH] 2.54 MB | 1.00s | 20.31 Mbit/s
19:29:05 | INFO     | [BENCH] 1.99 MB | 0.99s | 16.14 Mbit/s
19:29:06 | INFO     | [BENCH] 2.07 MB | 1.00s | 16.51 Mbit/s
19:29:07 | INFO     | [BENCH] 2.70 MB | 1.01s | 21.37 Mbit/s
19:29:08 | INFO     | [BENCH] 2.38 MB | 0.99s | 19.25 Mbit/s
19:29:09 | INFO     | [BENCH] 1.99 MB | 1.00s | 15.90 Mbit/s
19:29:10 | INFO     | [BENCH] 1.92 MB | 1.02s | 15.16 Mbit/s
19:29:11 | INFO     | [BENCH] 2.17 MB | 0.99s | 17.63 Mbit/s
19:29:12 | INFO     | [BENCH] 2.53 MB | 1.00s | 20.17 Mbit/s
19:29:13 | INFO     | [BENCH] 2.06 MB | 0.99s | 16.60 Mbit/s
19:29:14 | INFO     | [BENCH] 1.64 MB | 1.01s | 13.08 Mbit/s
19:29:15 | INFO     | [BENCH] 1.99 MB | 0.99s | 15.99 Mbit/s
19:29:16 | INFO     | [BENCH] 1.83 MB | 1.00s | 14.64 Mbit/s
19:29:17 | INFO     | [BENCH] 2.03 MB | 1.02s | 15.99 Mbit/s
19:29:18 | INFO     | [BENCH] 1.86 MB | 0.98s | 15.14 Mbit/s
19:29:19 | INFO     | [BENCH] 1.91 MB | 1.00s | 15.29 Mbit/s
19:29:20 | INFO     | [BENCH] 1.91 MB | 1.00s | 15.24 Mbit/s
19:29:21 | INFO     | [BENCH] 1.83 MB | 1.00s | 14.62 Mbit/s
19:29:22 | INFO     | [BENCH] 2.02 MB | 1.00s | 16.14 Mbit/s
19:29:23 | INFO     | [BENCH] 1.88 MB | 1.00s | 15.06 Mbit/s
19:29:24 | INFO     | [BENCH] 2.02 MB | 1.00s | 16.12 Mbit/s
19:29:25 | INFO     | [BENCH] 1.98 MB | 1.00s | 15.84 Mbit/s
19:29:26 | INFO     | [BENCH] 1.96 MB | 1.00s | 15.72 Mbit/s
19:29:27 | INFO     | [BENCH] 1.99 MB | 1.01s | 15.77 Mbit/s
19:29:28 | INFO     | [BENCH] 2.11 MB | 0.99s | 17.08 Mbit/s
19:29:29 | INFO     | [BENCH] 1.86 MB | 1.02s | 14.68 Mbit/s
19:29:30 | INFO     | [BENCH] 2.25 MB | 1.00s | 18.00 Mbit/s
19:29:31 | INFO     | [BENCH] 1.91 MB | 0.98s | 15.49 Mbit/s
19:29:32 | INFO     | [BENCH] 1.81 MB | 1.00s | 14.46 Mbit/s
19:29:33 | INFO     | [BENCH] 1.91 MB | 1.02s | 15.03 Mbit/s
19:29:34 | INFO     | [BENCH] 2.18 MB | 0.99s | 17.64 Mbit/s
19:29:35 | INFO     | [BENCH] 2.20 MB | 1.00s | 17.59 Mbit/s
19:29:36 | INFO     | [BENCH] 2.39 MB | 1.02s | 18.74 Mbit/s
19:29:37 | INFO     | [API] [+] admin вошел в туннель ALL
19:29:37 | INFO     | [BENCH] 1.03 MB | 0.99s | 8.34 Mbit/s
19:29:38 | INFO     | [BENCH] 265 B | 1.02s | 0.00 Mbit/s
19:29:41 | INFO     | [BENCH] 265 B | 1.00s | 0.00 Mbit/s
19:29:43 | INFO     | [BENCH] 265 B | 1.00s | 0.00 Mbit/s
19:29:45 | INFO     | [BENCH] 265 B | 1.01s | 0.00 Mbit/s
19:29:47 | INFO     | [BENCH] 265 B | 1.01s | 0.00 Mbit/s
19:29:49 | INFO     | [BENCH] 265 B | 0.98s | 0.00 Mbit/s
19:29:51 | INFO     | [BENCH] 265 B | 1.00s | 0.00 Mbit/s
19:29:53 | INFO     | [BENCH] 265 B | 1.00s | 0.00 Mbit/s
19:29:55 | INFO     | [BENCH] 265 B | 1.02s | 0.00 Mbit/s
19:29:57 | INFO     | [BENCH] 265 B | 0.98s | 0.00 Mbit/s
19:29:59 | INFO     | [BENCH] 265 B | 1.01s | 0.00 Mbit/s
19:30:01 | INFO     | [BENCH] 265 B | 1.00s | 0.00 Mbit/s
19:30:03 | INFO     | [BENCH] 265 B | 1.01s | 0.00 Mbit/s
19:30:05 | INFO     | [BENCH] 265 B | 1.02s | 0.00 Mbit/s
19:30:07 | INFO     | [BENCH] 265 B | 1.01s | 0.00 Mbit/s
19:30:09 | INFO     | [BENCH] 265 B | 1.01s | 0.00 Mbit/s
19:30:11 | INFO     | [BENCH] 265 B | 1.01s | 0.00 Mbit/s
19:30:13 | INFO     | [BENCH] 1.11 MB | 1.00s | 8.92 Mbit/s
19:30:14 | INFO     | [BENCH] 1.91 MB | 1.00s | 15.30 Mbit/s
19:30:15 | INFO     | [BENCH] 1.95 MB | 1.00s | 15.59 Mbit/s
19:30:16 | INFO     | [BENCH] 1.86 MB | 1.00s | 14.92 Mbit/s
19:30:17 | INFO     | [BENCH] 1.91 MB | 1.00s | 15.25 Mbit/s
19:30:18 | INFO     | [BENCH] 1.91 MB | 1.00s | 15.29 Mbit/s
19:30:19 | INFO     | [BENCH] 1.83 MB | 1.00s | 14.63 Mbit/s
19:30:20 | INFO     | [BENCH] 2.03 MB | 1.00s | 16.23 Mbit/s
19:30:21 | INFO     | [BENCH] 1.86 MB | 1.00s | 14.92 Mbit/s
19:30:22 | INFO     | [BENCH] 1.95 MB | 1.00s | 15.63 Mbit/s
19:30:23 | INFO     | [BENCH] 1.86 MB | 1.01s | 14.82 Mbit/s
19:30:24 | INFO     | [BENCH] 1.91 MB | 1.00s | 15.23 Mbit/s
19:30:25 | INFO     | [BENCH] 1.75 MB | 0.99s | 14.12 Mbit/s
19:30:26 | INFO     | [BENCH] 1.12 MB | 1.00s | 8.91 Mbit/s
19:30:27 | INFO     | [BENCH] 1.30 MB | 1.01s | 10.26 Mbit/s
19:30:28 | INFO     | [BENCH] 1.16 MB | 0.99s | 9.42 Mbit/s
19:30:29 | INFO     | [BENCH] 1.03 MB | 1.00s | 8.24 Mbit/s
19:30:30 | INFO     | [BENCH] 1.46 MB | 1.00s | 11.64 Mbit/s
19:30:31 | INFO     | [BENCH] 1.19 MB | 1.00s | 9.55 Mbit/s
19:30:32 | INFO     | [BENCH] 787.0 KB | 0.99s | 6.23 Mbit/s
19:30:33 | INFO     | [BENCH] 1.08 MB | 1.00s | 8.63 Mbit/s
19:30:34 | INFO     | [BENCH] 767.9 KB | 1.00s | 6.01 Mbit/s
19:30:35 | INFO     | [BENCH] 895.8 KB | 1.02s | 6.88 Mbit/s
19:30:36 | INFO     | [BENCH] 1.46 MB | 1.01s | 11.66 Mbit/s
19:30:37 | INFO     | [BENCH] 1.56 MB | 1.02s | 12.24 Mbit/s
19:30:38 | INFO     | [BENCH] 1.51 MB | 1.00s | 12.10 Mbit/s
19:30:39 | INFO     | [BENCH] 1.67 MB | 1.00s | 13.38 Mbit/s
19:30:40 | INFO     | [BENCH] 1.51 MB | 1.00s | 12.14 Mbit/s
19:30:41 | INFO     | [BENCH] 1.43 MB | 1.02s | 11.27 Mbit/s
19:30:42 | INFO     | [BENCH] 2.07 MB | 1.00s | 16.46 Mbit/s
19:30:43 | INFO     | [BENCH] 1.91 MB | 1.00s | 15.21 Mbit/s
19:30:44 | INFO     | [BENCH] 1.83 MB | 0.99s | 14.81 Mbit/s
19:30:45 | INFO     | [BENCH] 1.99 MB | 1.01s | 15.79 Mbit/s
19:30:46 | INFO     | [BENCH] 1.91 MB | 1.00s | 15.31 Mbit/s
19:30:47 | INFO     | [BENCH] 1.91 MB | 1.00s | 15.26 Mbit/s
19:30:48 | INFO     | [BENCH] 1.91 MB | 1.00s | 15.20 Mbit/s
19:30:49 | INFO     | [BENCH] 2.00 MB | 1.00s | 16.05 Mbit/s
19:30:50 | INFO     | [BENCH] 1.81 MB | 1.00s | 14.54 Mbit/s
19:30:51 | INFO     | [BENCH] 1.91 MB | 0.99s | 15.35 Mbit/s
19:30:52 | INFO     | [BENCH] 1.91 MB | 1.00s | 15.27 Mbit/s
19:30:53 | INFO     | [BENCH] 1.95 MB | 1.00s | 15.59 Mbit/s
19:30:54 | INFO     | [BENCH] 1.90 MB | 1.00s | 15.18 Mbit/s
19:30:55 | INFO     | [BENCH] 1.90 MB | 1.00s | 15.15 Mbit/s
19:30:56 | INFO     | [BENCH] 1.89 MB | 1.00s | 15.14 Mbit/s
19:30:57 | INFO     | [BENCH] 1.99 MB | 1.00s | 15.89 Mbit/s
19:30:58 | INFO     | [BENCH] 2.02 MB | 1.00s | 16.12 Mbit/s
19:30:59 | INFO     | [BENCH] 1.74 MB | 1.00s | 13.96 Mbit/s
19:31:00 | INFO     | [BENCH] 1.97 MB | 1.00s | 15.72 Mbit/s
19:31:01 | INFO     | [BENCH] 1.91 MB | 1.00s | 15.28 Mbit/s
19:31:02 | INFO     | [BENCH] 1.83 MB | 1.00s | 14.62 Mbit/s
19:31:03 | INFO     | [BENCH] 1.91 MB | 1.00s | 15.27 Mbit/s
19:31:04 | INFO     | [BENCH] 1.99 MB | 1.00s | 15.91 Mbit/s
19:31:05 | INFO     | [BENCH] 1.91 MB | 1.00s | 15.25 Mbit/s
19:31:06 | INFO     | [BENCH] 1.91 MB | 1.00s | 15.29 Mbit/s
19:31:07 | INFO     | [BENCH] 1.91 MB | 1.00s | 15.23 Mbit/s
19:31:08 | INFO     | [BENCH] 2.02 MB | 1.00s | 16.13 Mbit/s
19:31:09 | INFO     | [BENCH] 1.83 MB | 1.00s | 14.67 Mbit/s
19:31:10 | INFO     | [BENCH] 1.88 MB | 1.00s | 15.03 Mbit/s
19:31:11 | INFO     | [BENCH] 1.91 MB | 1.00s | 15.25 Mbit/s
19:31:12 | INFO     | [BENCH] 1.91 MB | 1.00s | 15.24 Mbit/s
19:31:13 | INFO     | [BENCH] 2.02 MB | 1.00s | 16.14 Mbit/s
19:31:14 | INFO     | [BENCH] 1.80 MB | 1.00s | 14.43 Mbit/s
19:31:15 | INFO     | [BENCH] 1.91 MB | 1.00s | 15.26 Mbit/s
19:31:16 | INFO     | [BENCH] 1.91 MB | 1.00s | 15.26 Mbit/s
19:31:17 | INFO     | [BENCH] 1.91 MB | 1.00s | 15.28 Mbit/s
19:31:18 | INFO     | [BENCH] 2.02 MB | 1.00s | 16.11 Mbit/s
19:31:19 | INFO     | [BENCH] 1.80 MB | 1.00s | 14.38 Mbit/s
19:31:20 | INFO     | [BENCH] 1.91 MB | 1.00s | 15.28 Mbit/s
19:31:21 | INFO     | [BENCH] 1.91 MB | 1.00s | 15.23 Mbit/s
19:31:22 | INFO     | [BENCH] 1.91 MB | 1.00s | 15.33 Mbit/s
19:31:23 | INFO     | [BENCH] 2.02 MB | 1.00s | 16.09 Mbit/s
19:31:24 | INFO     | [BENCH] 1.83 MB | 1.00s | 14.65 Mbit/s
19:31:25 | INFO     | [BENCH] 1.88 MB | 1.00s | 15.03 Mbit/s
19:31:26 | INFO     | [BENCH] 1.91 MB | 1.00s | 15.20 Mbit/s
19:31:27 | INFO     | [BENCH] 1.91 MB | 1.00s | 15.22 Mbit/s
19:31:28 | INFO     | [BENCH] 2.02 MB | 1.00s | 16.15 Mbit/s
19:31:29 | INFO     | [BENCH] 1.88 MB | 1.00s | 15.10 Mbit/s
19:31:30 | INFO     | [BENCH] 1.95 MB | 1.00s | 15.56 Mbit/s
19:31:31 | INFO     | [BENCH] 1.87 MB | 1.00s | 15.00 Mbit/s
19:31:32 | INFO     | [BENCH] 1.91 MB | 1.00s | 15.23 Mbit/s
19:31:33 | INFO     | [BENCH] 1.98 MB | 1.00s | 15.89 Mbit/s
19:31:34 | INFO     | [BENCH] 1.83 MB | 1.00s | 14.70 Mbit/s
19:31:35 | INFO     | [BENCH] 1.95 MB | 1.00s | 15.53 Mbit/s
19:31:36 | INFO     | [BENCH] 1.87 MB | 1.00s | 15.01 Mbit/s
19:31:37 | INFO     | [BENCH] 1.90 MB | 1.00s | 15.21 Mbit/s
19:31:38 | INFO     | [BENCH] 1.96 MB | 1.00s | 15.69 Mbit/s
19:31:39 | INFO     | [BENCH] 1.86 MB | 1.00s | 14.90 Mbit/s
19:31:40 | INFO     | [BENCH] 1.91 MB | 1.00s | 15.24 Mbit/s
19:31:41 | INFO     | [BENCH] 1.91 MB | 1.00s | 15.28 Mbit/s
19:31:42 | INFO     | [BENCH] 1.91 MB | 1.00s | 15.27 Mbit/s
19:31:43 | INFO     | [BENCH] 1.94 MB | 1.00s | 15.54 Mbit/s
19:31:44 | INFO     | [BENCH] 1.87 MB | 1.00s | 14.98 Mbit/s
19:31:45 | INFO     | [BENCH] 1.83 MB | 1.00s | 14.64 Mbit/s
19:31:46 | INFO     | [BENCH] 1.99 MB | 1.00s | 15.91 Mbit/s
19:31:47 | INFO     | [BENCH] 1.91 MB | 1.00s | 15.26 Mbit/s
19:31:48 | INFO     | [BENCH] 1.98 MB | 1.00s | 15.82 Mbit/s
19:31:49 | INFO     | [BENCH] 1.86 MB | 1.00s | 14.90 Mbit/s
19:31:50 | INFO     | [BENCH] 1.88 MB | 1.00s | 15.05 Mbit/s
19:31:51 | INFO     | [BENCH] 1.91 MB | 1.00s | 15.28 Mbit/s
19:31:52 | INFO     | [BENCH] 1.91 MB | 1.00s | 15.25 Mbit/s
19:31:53 | INFO     | [BENCH] 1.96 MB | 1.00s | 15.67 Mbit/s
19:31:54 | INFO     | [BENCH] 1.86 MB | 1.00s | 14.89 Mbit/s
19:31:55 | INFO     | [BENCH] 1.95 MB | 1.00s | 15.54 Mbit/s
19:31:56 | INFO     | [BENCH] 1.87 MB | 1.00s | 15.00 Mbit/s
19:31:57 | INFO     | [BENCH] 1.91 MB | 1.00s | 15.24 Mbit/s
19:31:58 | INFO     | [BENCH] 1.96 MB | 1.00s | 15.61 Mbit/s
19:31:59 | INFO     | [BENCH] 1.86 MB | 1.00s | 14.91 Mbit/s
19:32:00 | INFO     | [BENCH] 1.91 MB | 1.00s | 15.26 Mbit/s
19:32:01 | INFO     | [BENCH] 1.91 MB | 1.00s | 15.33 Mbit/s
19:32:02 | INFO     | [BENCH] 1.90 MB | 1.00s | 15.20 Mbit/s
19:32:03 | INFO     | [BENCH] 1.96 MB | 1.00s | 15.66 Mbit/s
19:32:04 | INFO     | [BENCH] 1.86 MB | 1.00s | 14.89 Mbit/s
19:32:05 | INFO     | [BENCH] 1.96 MB | 1.00s | 15.64 Mbit/s
19:32:06 | INFO     | [BENCH] 1.87 MB | 1.00s | 14.93 Mbit/s
19:32:07 | INFO     | [BENCH] 1.90 MB | 1.00s | 15.23 Mbit/s
19:32:08 | INFO     | [BENCH] 1.95 MB | 1.00s | 15.63 Mbit/s
19:32:09 | INFO     | [BENCH] 1.87 MB | 1.00s | 14.86 Mbit/s
19:32:10 | INFO     | [BENCH] 1.95 MB | 1.00s | 15.68 Mbit/s
19:32:11 | INFO     | [BENCH] 1.79 MB | 1.00s | 14.29 Mbit/s
19:32:12 | INFO     | [BENCH] 1.99 MB | 1.00s | 15.91 Mbit/s
19:32:13 | INFO     | [BENCH] 1.96 MB | 1.00s | 15.65 Mbit/s
19:32:14 | INFO     | [BENCH] 1.86 MB | 1.00s | 14.86 Mbit/s
19:32:15 | INFO     | [BENCH] 1.91 MB | 1.00s | 15.24 Mbit/s
19:32:16 | INFO     | [BENCH] 1.91 MB | 1.00s | 15.34 Mbit/s
19:32:17 | INFO     | [BENCH] 1.90 MB | 1.00s | 15.22 Mbit/s
19:32:18 | INFO     | [BENCH] 976.9 KB | 1.01s | 7.59 Mbit/s
19:32:19 | INFO     | [BENCH] 265 B | 1.02s | 0.00 Mbit/s
19:32:21 | INFO     | [BENCH] 265 B | 1.01s | 0.00 Mbit/s
19:32:23 | INFO     | [BENCH] 265 B | 1.01s | 0.00 Mbit/s
19:32:25 | INFO     | [BENCH] 265 B | 1.00s | 0.00 Mbit/s
19:32:27 | INFO     | [BENCH] 265 B | 1.01s | 0.00 Mbit/s
19:32:29 | INFO     | [BENCH] 265 B | 1.01s | 0.00 Mbit/s
19:32:31 | INFO     | [BENCH] 265 B | 1.01s | 0.00 Mbit/s
19:32:33 | INFO     | [BENCH] 265 B | 1.00s | 0.00 Mbit/s
